Log file open, 04/10/24 17:09:34
LogWindows: Failed to load 'aqProf.dll' (GetLastError=126)
LogWindows: File 'aqProf.dll' does not exist
LogWindows: Failed to load 'VtuneApi.dll' (GetLastError=126)
LogWindows: File 'VtuneApi.dll' does not exist
LogWindows: Failed to load 'VtuneApi32e.dll' (GetLastError=126)
LogWindows: File 'VtuneApi32e.dll' does not exist
LogConsoleResponse: Display: Failed to find resolution value strings in scalability ini. Falling back to default.
LogConsoleResponse: Display: Failed to find resolution value strings in scalability ini. Falling back to default.
LogInit: Display: Running engine for game: MyProject4
LogPlatformFile: Not using cached read wrapper
LogTaskGraph: Started task graph with 5 named threads and 20 total threads with 3 sets of task threads.
LogStats: Stats thread started at 0.222234
LogICUInternationalization: ICU TimeZone Detection - Raw Offset: +1:00, Platform Override: ''
LogInit: Display: Loading text-based GConfig....
LogPluginManager: Mounting plugin MeshPainting
LogPluginManager: Mounting plugin XGEController
LogPluginManager: Mounting plugin Paper2D
LogPluginManager: Mounting plugin AISupport
LogPluginManager: Mounting plugin EnvironmentQueryEditor
LogPluginManager: Mounting plugin CameraShakePreviewer
LogPluginManager: Mounting plugin LightPropagationVolume
LogPluginManager: Mounting plugin LiveLink
LogPluginManager: Mounting plugin AnimationSharing
LogPluginManager: Mounting plugin CLionSourceCodeAccess
LogPluginManager: Mounting plugin CodeLiteSourceCodeAccess
LogPluginManager: Mounting plugin GameplayCameras
LogPluginManager: Mounting plugin GitSourceControl
LogPluginManager: Mounting plugin KDevelopSourceCodeAccess
LogPluginManager: Mounting plugin NullSourceCodeAccess
LogPluginManager: Mounting plugin PerforceSourceControl
LogPluginManager: Mounting plugin PixWinPlugin
LogPluginManager: Mounting plugin PlasticSourceControl
LogPluginManager: Mounting plugin PluginUtils
LogPluginManager: Mounting plugin PropertyAccessNode
LogPluginManager: Mounting plugin RiderSourceCodeAccess
LogPluginManager: Mounting plugin SubversionSourceControl
LogPluginManager: Mounting plugin TextureFormatOodle
LogPluginManager: Mounting plugin UObjectPlugin
LogPluginManager: Mounting plugin VisualStudioCodeSourceCodeAccess
LogPluginManager: Mounting plugin VisualStudioSourceCodeAccess
LogPluginManager: Mounting plugin XCodeSourceCodeAccess
LogPluginManager: Mounting plugin OodleData
LogPluginManager: Mounting plugin OodleNetwork
LogPluginManager: Mounting plugin AssetManagerEditor
LogPluginManager: Mounting plugin DatasmithContent
LogPluginManager: Mounting plugin CryptoKeys
LogPluginManager: Mounting plugin CurveEditorTools
LogPluginManager: Mounting plugin DataValidation
LogPluginManager: Mounting plugin FacialAnimation
LogPluginManager: Mounting plugin GameplayTagsEditor
LogPluginManager: Mounting plugin GeometryMode
LogPluginManager: Mounting plugin MacGraphicsSwitching
LogPluginManager: Mounting plugin MaterialAnalyzer
LogPluginManager: Mounting plugin MobileLauncherProfileWizard
LogPluginManager: Mounting plugin PluginBrowser
LogPluginManager: Mounting plugin Niagara
LogPluginManager: Mounting plugin SpeedTreeImporter
LogPluginManager: Mounting plugin AlembicImporter
LogPluginManager: Mounting plugin AutomationUtils
LogPluginManager: Mounting plugin BackChannel
LogPluginManager: Mounting plugin ChaosCloth
LogPluginManager: Mounting plugin ChaosClothEditor
LogPluginManager: Mounting plugin ChaosEditor
LogPluginManager: Mounting plugin ChaosNiagara
LogPluginManager: Mounting plugin CharacterAI
LogPluginManager: Mounting plugin ChaosSolverPlugin
LogPluginManager: Mounting plugin GeometryCache
LogPluginManager: Mounting plugin GeometryCollectionPlugin
LogPluginManager: Mounting plugin VariantManagerContent
LogPluginManager: Mounting plugin AndroidMedia
LogPluginManager: Mounting plugin AvfMedia
LogPluginManager: Mounting plugin ImgMedia
LogPluginManager: Mounting plugin MediaCompositing
LogPluginManager: Mounting plugin GeometryProcessing
LogPluginManager: Mounting plugin MediaPlayerEditor
LogPluginManager: Mounting plugin WebMMedia
LogPluginManager: Mounting plugin WmfMedia
LogPluginManager: Mounting plugin MotoSynth
LogPluginManager: Mounting plugin OpenImageDenoise
LogPluginManager: Mounting plugin PlanarCut
LogPluginManager: Mounting plugin PlatformCrypto
LogPluginManager: Mounting plugin ProxyLODPlugin
LogPluginManager: Mounting plugin PythonScriptPlugin
LogPluginManager: Mounting plugin SkeletalReduction
LogPluginManager: Mounting plugin TcpMessaging
LogPluginManager: Mounting plugin UdpMessaging
LogPluginManager: Mounting plugin LuminPlatformFeatures
LogPluginManager: Mounting plugin MagicLeap
LogPluginManager: Mounting plugin MagicLeapLightEstimation
LogPluginManager: Mounting plugin MagicLeapMedia
LogPluginManager: Mounting plugin MagicLeapPassableWorld
LogPluginManager: Mounting plugin MLSDK
LogPluginManager: Mounting plugin ActorSequence
LogPluginManager: Mounting plugin LevelSequenceEditor
LogPluginManager: Mounting plugin MatineeToLevelSequence
LogPluginManager: Mounting plugin TemplateSequence
LogPluginManager: Mounting plugin OnlineSubsystem
LogPluginManager: Mounting plugin OnlineSubsystemNull
LogPluginManager: Mounting plugin OnlineSubsystemUtils
LogPluginManager: Mounting plugin LauncherChunkInstaller
LogPluginManager: Mounting plugin ActorLayerUtilities
LogPluginManager: Mounting plugin AndroidDeviceProfileSelector
LogPluginManager: Mounting plugin AndroidMoviePlayer
LogPluginManager: Mounting plugin AndroidPermission
LogPluginManager: Mounting plugin AppleImageUtils
LogPluginManager: Mounting plugin AssetTags
LogPluginManager: Mounting plugin AppleMoviePlayer
LogPluginManager: Mounting plugin CableComponent
LogPluginManager: Mounting plugin AudioSynesthesia
LogPluginManager: Mounting plugin ArchVisCharacter
LogPluginManager: Mounting plugin CustomMeshComponent
LogPluginManager: Mounting plugin ChunkDownloader
LogPluginManager: Mounting plugin AudioCapture
LogPluginManager: Mounting plugin EditableMesh
LogPluginManager: Mounting plugin ExampleDeviceProfileSelector
LogPluginManager: Mounting plugin GoogleCloudMessaging
LogPluginManager: Mounting plugin GooglePAD
LogPluginManager: Mounting plugin ScreenshotTools
LogPluginManager: Mounting plugin IOSDeviceProfileSelector
LogPluginManager: Mounting plugin LinuxDeviceProfileSelector
LogPluginManager: Mounting plugin LocationServicesBPLibrary
LogPluginManager: Mounting plugin MobilePatchingUtils
LogPluginManager: Mounting plugin OpenXR
LogPluginManager: Mounting plugin OpenXREyeTracker
LogPluginManager: Mounting plugin OpenXRHandTracking
LogPluginManager: Mounting plugin PhysXVehicles
LogPluginManager: Mounting plugin Takes
LogPluginManager: Mounting plugin PostSplashScreen
LogPluginManager: Mounting plugin ProceduralMeshComponent
LogPluginManager: Mounting plugin PropertyAccessEditor
LogPluginManager: Mounting plugin RuntimePhysXCooking
LogPluginManager: Mounting plugin SignificanceManager
LogPluginManager: Mounting plugin SoundFields
LogPluginManager: Mounting plugin Synthesis
LogPluginManager: Mounting plugin WebMMoviePlayer
LogPluginManager: Mounting plugin WindowsMoviePlayer
LogPluginManager: Mounting plugin ContentBrowserAssetDataSource
LogPluginManager: Mounting plugin ContentBrowserFileDataSource
LogPluginManager: Mounting plugin ContentBrowserClassDataSource
LogPluginManager: Mounting plugin OnlineSubsystemGooglePlay
LogPluginManager: Mounting plugin OnlineSubsystemIOS
LogPluginManager: Mounting plugin OculusVR
LogPluginManager: Mounting plugin SteamVR
PixWinPlugin: PIX capture plugin failed to initialize! Check that the process is launched from PIX.
LogInit: Using libcurl 7.55.1-DEV
LogInit:  - built for x86_64-pc-win32
LogInit:  - supports SSL with OpenSSL/1.1.1
LogInit:  - supports HTTP deflate (compression) using libz 1.2.8
LogInit:  - other features:
LogInit:      CURL_VERSION_SSL
LogInit:      CURL_VERSION_LIBZ
LogInit:      CURL_VERSION_IPV6
LogInit:      CURL_VERSION_ASYNCHDNS
LogInit:      CURL_VERSION_LARGEFILE
LogInit:      CURL_VERSION_IDN
LogInit:  CurlRequestOptions (configurable via config and command line):
LogInit:  - bVerifyPeer = true  - Libcurl will verify peer certificate
LogInit:  - bUseHttpProxy = false  - Libcurl will NOT use HTTP proxy
LogInit:  - bDontReuseConnections = false  - Libcurl will reuse connections
LogInit:  - MaxHostConnections = 16  - Libcurl will limit the number of connections to a host
LogInit:  - LocalHostAddr = Default
LogInit:  - BufferSize = 65536
LogOnline: OSS: Creating online subsystem instance for: NULL
LogInit: WinSock: version 1.1 (2.2), MaxSocks=32767, MaxUdp=65467
LogOnline: OSS: TryLoadSubsystemAndSetDefault: Loaded subsystem for module [NULL]
LogOculusPluginWrapper: OculusPlugin initialized successfully
LogHMD: Failed initializing OVRPlugin 1.59.0
LogInit: Build: ++UE4+Release-4.27-CL-18319896
LogInit: Engine Version: 4.27.2-18319896+++UE4+Release-4.27
LogInit: Compatible Engine Version: 4.27.0-17155196+++UE4+Release-4.27
LogInit: Net CL: 17155196
LogInit: OS: Windows 10 (Release 2009) (), CPU: Intel(R) Core(TM) i7-7800X CPU @ 3.50GHz, GPU: NVIDIA GeForce RTX 3060
LogInit: Compiled (64-bit): Nov 30 2021 07:12:08
LogInit: Compiled with Visual C++: 19.24.28315.00
LogInit: Build Configuration: Development
LogInit: Branch Name: ++UE4+Release-4.27
LogInit: Command Line:  -AUTH_LOGIN=unused -AUTH_PASSWORD=ec74c74300764f7191ed3a64351b8011 -AUTH_TYPE=exchangecode -epicapp=UE_4.27 -epicenv=Prod -EpicPortal -epicusername=Majk355 -epicuserid=814fcc4a11444d4cba70be3e7ae9eb80 -epiclocale=pl -epicsandboxid=ue
LogInit: Base Directory: C:/UE_4.27/Engine/Binaries/Win64/
LogInit: Allocator: TBB
LogInit: Installed Engine Build: 1
LogDevObjectVersion: Number of dev versions registered: 29
LogDevObjectVersion:   Dev-Blueprints (B0D832E4-1F89-4F0D-ACCF-7EB736FD4AA2): 10
LogDevObjectVersion:   Dev-Build (E1C64328-A22C-4D53-A36C-8E866417BD8C): 0
LogDevObjectVersion:   Dev-Core (375EC13C-06E4-48FB-B500-84F0262A717E): 4
LogDevObjectVersion:   Dev-Editor (E4B068ED-F494-42E9-A231-DA0B2E46BB41): 40
LogDevObjectVersion:   Dev-Framework (CFFC743F-43B0-4480-9391-14DF171D2073): 37
LogDevObjectVersion:   Dev-Mobile (B02B49B5-BB20-44E9-A304-32B752E40360): 3
LogDevObjectVersion:   Dev-Networking (A4E4105C-59A1-49B5-A7C5-40C4547EDFEE): 0
LogDevObjectVersion:   Dev-Online (39C831C9-5AE6-47DC-9A44-9C173E1C8E7C): 0
LogDevObjectVersion:   Dev-Physics (78F01B33-EBEA-4F98-B9B4-84EACCB95AA2): 14
LogDevObjectVersion:   Dev-Platform (6631380F-2D4D-43E0-8009-CF276956A95A): 0
LogDevObjectVersion:   Dev-Rendering (12F88B9F-8875-4AFC-A67C-D90C383ABD29): 45
LogDevObjectVersion:   Dev-Sequencer (7B5AE74C-D270-4C10-A958-57980B212A5A): 13
LogDevObjectVersion:   Dev-VR (D7296918-1DD6-4BDD-9DE2-64A83CC13884): 3
LogDevObjectVersion:   Dev-LoadTimes (C2A15278-BFE7-4AFE-6C17-90FF531DF755): 1
LogDevObjectVersion:   Private-Geometry (6EACA3D4-40EC-4CC1-B786-8BED09428FC5): 3
LogDevObjectVersion:   Dev-AnimPhys (29E575DD-E0A3-4627-9D10-D276232CDCEA): 17
LogDevObjectVersion:   Dev-Anim (AF43A65D-7FD3-4947-9873-3E8ED9C1BB05): 15
LogDevObjectVersion:   Dev-ReflectionCapture (6B266CEC-1EC7-4B8F-A30B-E4D90942FC07): 1
LogDevObjectVersion:   Dev-Automation (0DF73D61-A23F-47EA-B727-89E90C41499A): 1
LogDevObjectVersion:   FortniteMain (601D1886-AC64-4F84-AA16-D3DE0DEAC7D6): 47
LogDevObjectVersion:   FortniteRelease (E7086368-6B23-4C58-8439-1B7016265E91): 1
LogDevObjectVersion:   Dev-Enterprise (9DFFBCD6-494F-0158-E221-12823C92A888): 10
LogDevObjectVersion:   Dev-Niagara (F2AED0AC-9AFE-416F-8664-AA7FFA26D6FC): 1
LogDevObjectVersion:   Dev-Destruction (174F1F0B-B4C6-45A5-B13F-2EE8D0FB917D): 10
LogDevObjectVersion:   Dev-Physics-Ext (35F94A83-E258-406C-A318-09F59610247C): 41
LogDevObjectVersion:   Dev-PhysicsMaterial-Chaos (B68FC16E-8B1B-42E2-B453-215C058844FE): 1
LogDevObjectVersion:   Dev-CineCamera (B2E18506-4273-CFC2-A54E-F4BB758BBA07): 1
LogDevObjectVersion:   Dev-VirtualProduction (64F58936-FD1B-42BA-BA96-7289D5D0FA4E): 1
LogDevObjectVersion:   Dev-MediaFramework (6F0ED827-A609-4895-9C91-998D90180EA4): 2
LogInit: Presizing for max 25165824 objects, including 0 objects not considered by GC, pre-allocating 0 bytes for permanent pool.
LogConfig: Applying CVar settings from Section [/Script/Engine.StreamingSettings] File [C:/repo/topdownshoterkg/MyProject4/Saved/Config/Windows/Engine.ini]
LogConfig: Setting CVar [[s.MinBulkDataSizeForAsyncLoading:131072]]
LogConfig: Setting CVar [[s.AsyncLoadingThreadEnabled:0]]
LogConfig: Setting CVar [[s.EventDrivenLoaderEnabled:1]]
LogConfig: Setting CVar [[s.WarnIfTimeLimitExceeded:0]]
LogConfig: Setting CVar [[s.TimeLimitExceededMultiplier:1.5]]
LogConfig: Setting CVar [[s.TimeLimitExceededMinTime:0.005]]
LogConfig: Setting CVar [[s.UseBackgroundLevelStreaming:1]]
LogConfig: Setting CVar [[s.PriorityAsyncLoadingExtraTime:15.0]]
LogConfig: Setting CVar [[s.LevelStreamingActorsUpdateTimeLimit:5.0]]
LogConfig: Setting CVar [[s.PriorityLevelStreamingActorsUpdateExtraTime:5.0]]
LogConfig: Setting CVar [[s.LevelStreamingComponentsRegistrationGranularity:10]]
LogConfig: Setting CVar [[s.UnregisterComponentsTimeLimit:1.0]]
LogConfig: Setting CVar [[s.LevelStreamingComponentsUnregistrationGranularity:5]]
LogConfig: Setting CVar [[s.FlushStreamingOnExit:1]]
LogInit: Object subsystem initialized
LogConfig: Setting CVar [[con.DebugEarlyDefault:1]]
LogConfig: Setting CVar [[r.setres:1280x720]]
[2024.04.10-15.09.35:876][  0]LogConfig: Setting CVar [[r.VSync:0]]
[2024.04.10-15.09.35:876][  0]LogConfig: Setting CVar [[r.RHICmdBypass:0]]
[2024.04.10-15.09.35:876][  0]LogConfig: Applying CVar settings from Section [/Script/Engine.RendererSettings] File [C:/repo/topdownshoterkg/MyProject4/Saved/Config/Windows/Engine.ini]
[2024.04.10-15.09.35:876][  0]LogConfig: Setting CVar [[r.GPUCrashDebugging:0]]
[2024.04.10-15.09.35:876][  0]LogConfig: Setting CVar [[r.Mobile.DisableVertexFog:1]]
[2024.04.10-15.09.35:876][  0]LogConfig: Setting CVar [[r.Shadow.CSM.MaxMobileCascades:2]]
[2024.04.10-15.09.35:876][  0]LogConfig: Setting CVar [[r.MobileMSAA:1]]
[2024.04.10-15.09.35:876][  0]LogConfig: Setting CVar [[r.Mobile.AllowDitheredLODTransition:0]]
[2024.04.10-15.09.35:876][  0]LogConfig: Setting CVar [[r.Mobile.AllowSoftwareOcclusion:0]]
[2024.04.10-15.09.35:876][  0]LogConfig: Setting CVar [[r.Mobile.VirtualTextures:0]]
[2024.04.10-15.09.35:876][  0]LogConfig: Setting CVar [[r.DiscardUnusedQuality:0]]
[2024.04.10-15.09.35:876][  0]LogConfig: Setting CVar [[r.AllowOcclusionQueries:1]]
[2024.04.10-15.09.35:876][  0]LogConfig: Setting CVar [[r.MinScreenRadiusForLights:0.030000]]
[2024.04.10-15.09.35:876][  0]LogConfig: Setting CVar [[r.MinScreenRadiusForDepthPrepass:0.030000]]
[2024.04.10-15.09.35:876][  0]LogConfig: Setting CVar [[r.MinScreenRadiusForCSMDepth:0.010000]]
[2024.04.10-15.09.35:876][  0]LogConfig: Setting CVar [[r.PrecomputedVisibilityWarning:0]]
[2024.04.10-15.09.35:876][  0]LogConfig: Setting CVar [[r.TextureStreaming:1]]
[2024.04.10-15.09.35:876][  0]LogConfig: Setting CVar [[Compat.UseDXT5NormalMaps:0]]
[2024.04.10-15.09.35:876][  0]LogConfig: Setting CVar [[r.VirtualTextures:0]]
[2024.04.10-15.09.35:876][  0]LogConfig: Setting CVar [[r.VT.EnableAutoImport:1]]
[2024.04.10-15.09.35:876][  0]LogConfig: Setting CVar [[r.VirtualTexturedLightmaps:0]]
[2024.04.10-15.09.35:876][  0]LogConfig: Setting CVar [[r.VT.TileSize:128]]
[2024.04.10-15.09.35:876][  0]LogConfig: Setting CVar [[r.VT.TileBorderSize:4]]
[2024.04.10-15.09.35:876][  0]LogConfig: Setting CVar [[r.vt.FeedbackFactor:16]]
[2024.04.10-15.09.35:876][  0]LogConfig: Setting CVar [[r.VT.EnableCompressZlib:1]]
[2024.04.10-15.09.35:876][  0]LogConfig: Setting CVar [[r.VT.EnableCompressCrunch:0]]
[2024.04.10-15.09.35:876][  0]LogConfig: Setting CVar [[r.ClearCoatNormal:0]]
[2024.04.10-15.09.35:876][  0]LogConfig: Setting CVar [[r.ReflectionCaptureResolution:128]]
[2024.04.10-15.09.35:876][  0]LogConfig: Setting CVar [[r.Mobile.ReflectionCaptureCompression:0]]
[2024.04.10-15.09.35:876][  0]LogConfig: Setting CVar [[r.ReflectionEnvironmentLightmapMixBasedOnRoughness:1]]
[2024.04.10-15.09.35:876][  0]LogConfig: Setting CVar [[r.ForwardShading:0]]
[2024.04.10-15.09.35:876][  0]LogConfig: Setting CVar [[r.VertexFoggingForOpaque:1]]
[2024.04.10-15.09.35:876][  0]LogConfig: Setting CVar [[r.AllowStaticLighting:1]]
[2024.04.10-15.09.35:876][  0]LogConfig: Setting CVar [[r.NormalMapsForStaticLighting:0]]
[2024.04.10-15.09.35:876][  0]LogConfig: Setting CVar [[r.GenerateMeshDistanceFields:0]]
[2024.04.10-15.09.35:876][  0]LogConfig: Setting CVar [[r.DistanceFieldBuild.EightBit:0]]
[2024.04.10-15.09.35:876][  0]LogConfig: Setting CVar [[r.GenerateLandscapeGIData:0]]
[2024.04.10-15.09.35:876][  0]LogConfig: Setting CVar [[r.DistanceFieldBuild.Compress:0]]
[2024.04.10-15.09.35:876][  0]LogConfig: Setting CVar [[r.TessellationAdaptivePixelsPerTriangle:48.000000]]
[2024.04.10-15.09.35:876][  0]LogConfig: Setting CVar [[r.SeparateTranslucency:1]]
[2024.04.10-15.09.35:876][  0]LogConfig: Setting CVar [[r.TranslucentSortPolicy:0]]
[2024.04.10-15.09.35:876][  0]LogConfig: Setting CVar [[vr.VRS.HMDFixedFoveationLevel:0]]
[2024.04.10-15.09.35:876][  0]LogConfig: Setting CVar [[r.CustomDepth:1]]
[2024.04.10-15.09.35:876][  0]LogConfig: Setting CVar [[r.CustomDepthTemporalAAJitter:1]]
[2024.04.10-15.09.35:876][  0]LogConfig: Setting CVar [[r.PostProcessing.PropagateAlpha:0]]
[2024.04.10-15.09.35:876][  0]LogConfig: Setting CVar [[r.DefaultFeature.Bloom:1]]
[2024.04.10-15.09.35:876][  0]LogConfig: Setting CVar [[r.DefaultFeature.AmbientOcclusion:1]]
[2024.04.10-15.09.35:876][  0]LogConfig: Setting CVar [[r.DefaultFeature.AmbientOcclusionStaticFraction:1]]
[2024.04.10-15.09.35:876][  0]LogConfig: Setting CVar [[r.DefaultFeature.AutoExposure:0]]
[2024.04.10-15.09.35:876][  0]LogConfig: Setting CVar [[r.DefaultFeature.AutoExposure.Method:0]]
[2024.04.10-15.09.35:876][  0]LogConfig: Setting CVar [[r.DefaultFeature.AutoExposure.Bias:1.000000]]
[2024.04.10-15.09.35:876][  0]LogConfig: Setting CVar [[r.DefaultFeature.AutoExposure.ExtendDefaultLuminanceRange:0]]
[2024.04.10-15.09.35:876][  0]LogConfig: Setting CVar [[r.UsePreExposure:1]]
[2024.04.10-15.09.35:876][  0]LogConfig: Setting CVar [[r.EyeAdaptation.EditorOnly:0]]
[2024.04.10-15.09.35:876][  0]LogConfig: Setting CVar [[r.DefaultFeature.MotionBlur:0]]
[2024.04.10-15.09.35:876][  0]LogConfig: Setting CVar [[r.DefaultFeature.LensFlare:0]]
[2024.04.10-15.09.35:876][  0]LogConfig: Setting CVar [[r.TemporalAA.Upsampling:0]]
[2024.04.10-15.09.35:876][  0]LogConfig: Setting CVar [[r.SSGI.Enable:0]]
[2024.04.10-15.09.35:876][  0]LogConfig: Setting CVar [[r.DefaultFeature.AntiAliasing:0]]
[2024.04.10-15.09.35:876][  0]LogConfig: Setting CVar [[r.DefaultFeature.LightUnits:1]]
[2024.04.10-15.09.35:876][  0]LogConfig: Setting CVar [[r.DefaultBackBufferPixelFormat:4]]
[2024.04.10-15.09.35:876][  0]LogConfig: Setting CVar [[r.Shadow.UnbuiltPreviewInGame:1]]
[2024.04.10-15.09.35:876][  0]LogConfig: Setting CVar [[r.StencilForLODDither:0]]
[2024.04.10-15.09.35:876][  0]LogConfig: Setting CVar [[r.EarlyZPass:3]]
[2024.04.10-15.09.35:877][  0]LogConfig: Setting CVar [[r.EarlyZPassOnlyMaterialMasking:0]]
[2024.04.10-15.09.35:877][  0]LogConfig: Setting CVar [[r.DBuffer:1]]
[2024.04.10-15.09.35:877][  0]LogConfig: Setting CVar [[r.ClearSceneMethod:1]]
[2024.04.10-15.09.35:877][  0]LogConfig: Setting CVar [[r.BasePassOutputsVelocity:0]]
[2024.04.10-15.09.35:877][  0]LogConfig: Setting CVar [[r.VertexDeformationOutputsVelocity:0]]
[2024.04.10-15.09.35:877][  0]LogConfig: Setting CVar [[r.SelectiveBasePassOutputs:0]]
[2024.04.10-15.09.35:877][  0]LogConfig: Setting CVar [[fx.GPUSimulationTextureSizeX:1024]]
[2024.04.10-15.09.35:877][  0]LogConfig: Setting CVar [[fx.GPUSimulationTextureSizeY:1024]]
[2024.04.10-15.09.35:877][  0]LogConfig: Setting CVar [[r.AllowGlobalClipPlane:0]]
[2024.04.10-15.09.35:877][  0]LogConfig: Setting CVar [[r.GBufferFormat:1]]
[2024.04.10-15.09.35:877][  0]LogConfig: Setting CVar [[r.MorphTarget.Mode:1]]
[2024.04.10-15.09.35:877][  0]LogConfig: Setting CVar [[vr.InstancedStereo:0]]
[2024.04.10-15.09.35:877][  0]LogConfig: Setting CVar [[r.MobileHDR:1]]
[2024.04.10-15.09.35:877][  0]LogConfig: Setting CVar [[vr.MobileMultiView:0]]
[2024.04.10-15.09.35:877][  0]LogConfig: Setting CVar [[r.Mobile.UseHWsRGBEncoding:0]]
[2024.04.10-15.09.35:877][  0]LogConfig: Setting CVar [[vr.RoundRobinOcclusion:0]]
[2024.04.10-15.09.35:877][  0]LogConfig: Setting CVar [[vr.ODSCapture:0]]
[2024.04.10-15.09.35:877][  0]LogConfig: Setting CVar [[r.MeshStreaming:0]]
[2024.04.10-15.09.35:877][  0]LogConfig: Setting CVar [[r.WireframeCullThreshold:5.000000]]
[2024.04.10-15.09.35:877][  0]LogConfig: Setting CVar [[r.RayTracing:0]]
[2024.04.10-15.09.35:877][  0]LogConfig: Setting CVar [[r.RayTracing.UseTextureLod:0]]
[2024.04.10-15.09.35:877][  0]LogConfig: Setting CVar [[r.SupportStationarySkylight:1]]
[2024.04.10-15.09.35:877][  0]LogConfig: Setting CVar [[r.SupportLowQualityLightmaps:1]]
[2024.04.10-15.09.35:877][  0]LogConfig: Setting CVar [[r.SupportPointLightWholeSceneShadows:1]]
[2024.04.10-15.09.35:877][  0]LogConfig: Setting CVar [[r.SupportAtmosphericFog:1]]
[2024.04.10-15.09.35:877][  0]LogConfig: Setting CVar [[r.SupportSkyAtmosphere:1]]
[2024.04.10-15.09.35:877][  0]LogConfig: Setting CVar [[r.SupportSkyAtmosphereAffectsHeightFog:0]]
[2024.04.10-15.09.35:877][  0]LogConfig: Setting CVar [[r.SkinCache.CompileShaders:0]]
[2024.04.10-15.09.35:877][  0]LogConfig: Setting CVar [[r.SkinCache.DefaultBehavior:1]]
[2024.04.10-15.09.35:877][  0]LogConfig: Setting CVar [[r.SkinCache.SceneMemoryLimitInMB:128.000000]]
[2024.04.10-15.09.35:877][  0]LogConfig: Setting CVar [[r.Mobile.EnableStaticAndCSMShadowReceivers:1]]
[2024.04.10-15.09.35:877][  0]LogConfig: Setting CVar [[r.Mobile.EnableMovableLightCSMShaderCulling:1]]
[2024.04.10-15.09.35:877][  0]LogConfig: Setting CVar [[r.Mobile.AllowDistanceFieldShadows:1]]
[2024.04.10-15.09.35:877][  0]LogConfig: Setting CVar [[r.Mobile.AllowMovableDirectionalLights:1]]
[2024.04.10-15.09.35:877][  0]LogConfig: Setting CVar [[r.MobileNumDynamicPointLights:4]]
[2024.04.10-15.09.35:877][  0]LogConfig: Setting CVar [[r.MobileDynamicPointLightsUseStaticBranch:1]]
[2024.04.10-15.09.35:877][  0]LogConfig: Setting CVar [[r.Mobile.EnableMovableSpotlights:0]]
[2024.04.10-15.09.35:877][  0]LogConfig: Setting CVar [[r.Mobile.EnableMovableSpotlightsShadow:0]]
[2024.04.10-15.09.35:877][  0]LogConfig: Setting CVar [[r.GPUSkin.Support16BitBoneIndex:0]]
[2024.04.10-15.09.35:877][  0]LogConfig: Setting CVar [[r.GPUSkin.Limit2BoneInfluences:0]]
[2024.04.10-15.09.35:877][  0]LogConfig: Setting CVar [[r.SupportDepthOnlyIndexBuffers:1]]
[2024.04.10-15.09.35:877][  0]LogConfig: Setting CVar [[r.SupportReversedIndexBuffers:1]]
[2024.04.10-15.09.35:877][  0]LogConfig: Setting CVar [[r.LightPropagationVolume:0]]
[2024.04.10-15.09.35:877][  0]LogConfig: Setting CVar [[r.Mobile.AmbientOcclusion:0]]
[2024.04.10-15.09.35:877][  0]LogConfig: Setting CVar [[r.GPUSkin.UnlimitedBoneInfluences:0]]
[2024.04.10-15.09.35:877][  0]LogConfig: Setting CVar [[r.GPUSkin.UnlimitedBoneInfluencesThreshold:8]]
[2024.04.10-15.09.35:877][  0]LogConfig: Setting CVar [[r.Mobile.PlanarReflectionMode:0]]
[2024.04.10-15.09.35:877][  0]LogConfig: Setting CVar [[r.Mobile.SupportsGen4TAA:0]]
[2024.04.10-15.09.35:877][  0]LogConfig: Applying CVar settings from Section [/Script/Engine.RendererOverrideSettings] File [C:/repo/topdownshoterkg/MyProject4/Saved/Config/Windows/Engine.ini]
[2024.04.10-15.09.35:877][  0]LogConfig: Applying CVar settings from Section [/Script/Engine.StreamingSettings] File [C:/repo/topdownshoterkg/MyProject4/Saved/Config/Windows/Engine.ini]
[2024.04.10-15.09.35:877][  0]LogConfig: Setting CVar [[s.MinBulkDataSizeForAsyncLoading:131072]]
[2024.04.10-15.09.35:877][  0]LogConfig: Setting CVar [[s.AsyncLoadingThreadEnabled:0]]
[2024.04.10-15.09.35:877][  0]LogConfig: Setting CVar [[s.EventDrivenLoaderEnabled:1]]
[2024.04.10-15.09.35:877][  0]LogConfig: Setting CVar [[s.WarnIfTimeLimitExceeded:0]]
[2024.04.10-15.09.35:877][  0]LogConfig: Setting CVar [[s.TimeLimitExceededMultiplier:1.5]]
[2024.04.10-15.09.35:877][  0]LogConfig: Setting CVar [[s.TimeLimitExceededMinTime:0.005]]
[2024.04.10-15.09.35:877][  0]LogConfig: Setting CVar [[s.UseBackgroundLevelStreaming:1]]
[2024.04.10-15.09.35:877][  0]LogConfig: Setting CVar [[s.PriorityAsyncLoadingExtraTime:15.0]]
[2024.04.10-15.09.35:877][  0]LogConfig: Setting CVar [[s.LevelStreamingActorsUpdateTimeLimit:5.0]]
[2024.04.10-15.09.35:877][  0]LogConfig: Setting CVar [[s.PriorityLevelStreamingActorsUpdateExtraTime:5.0]]
[2024.04.10-15.09.35:877][  0]LogConfig: Setting CVar [[s.LevelStreamingComponentsRegistrationGranularity:10]]
[2024.04.10-15.09.35:877][  0]LogConfig: Setting CVar [[s.UnregisterComponentsTimeLimit:1.0]]
[2024.04.10-15.09.35:877][  0]LogConfig: Setting CVar [[s.LevelStreamingComponentsUnregistrationGranularity:5]]
[2024.04.10-15.09.35:877][  0]LogConfig: Setting CVar [[s.FlushStreamingOnExit:1]]
[2024.04.10-15.09.35:877][  0]LogConfig: Applying CVar settings from Section [/Script/Engine.GarbageCollectionSettings] File [C:/repo/topdownshoterkg/MyProject4/Saved/Config/Windows/Engine.ini]
[2024.04.10-15.09.35:877][  0]LogConfig: Setting CVar [[gc.MaxObjectsNotConsideredByGC:1]]
[2024.04.10-15.09.35:877][  0]LogConfig: Setting CVar [[gc.SizeOfPermanentObjectPool:0]]
[2024.04.10-15.09.35:877][  0]LogConfig: Setting CVar [[gc.FlushStreamingOnGC:0]]
[2024.04.10-15.09.35:877][  0]LogConfig: Setting CVar [[gc.NumRetriesBeforeForcingGC:10]]
[2024.04.10-15.09.35:877][  0]LogConfig: Setting CVar [[gc.AllowParallelGC:1]]
[2024.04.10-15.09.35:877][  0]LogConfig: Setting CVar [[gc.TimeBetweenPurgingPendingKillObjects:61.1]]
[2024.04.10-15.09.35:877][  0]LogConfig: Setting CVar [[gc.MaxObjectsInEditor:25165824]]
[2024.04.10-15.09.35:877][  0]LogConfig: Setting CVar [[gc.IncrementalBeginDestroyEnabled:1]]
[2024.04.10-15.09.35:877][  0]LogConfig: Setting CVar [[gc.CreateGCClusters:1]]
[2024.04.10-15.09.35:877][  0]LogConfig: Setting CVar [[gc.MinGCClusterSize:5]]
[2024.04.10-15.09.35:877][  0]LogConfig: Setting CVar [[gc.ActorClusteringEnabled:0]]
[2024.04.10-15.09.35:877][  0]LogConfig: Setting CVar [[gc.BlueprintClusteringEnabled:0]]
[2024.04.10-15.09.35:877][  0]LogConfig: Setting CVar [[gc.UseDisregardForGCOnDedicatedServers:0]]
[2024.04.10-15.09.35:877][  0]LogConfig: Setting CVar [[gc.MultithreadedDestructionEnabled:1]]
[2024.04.10-15.09.35:877][  0]LogConfig: Applying CVar settings from Section [/Script/Engine.NetworkSettings] File [C:/repo/topdownshoterkg/MyProject4/Saved/Config/Windows/Engine.ini]
[2024.04.10-15.09.35:877][  0]LogConfig: Applying CVar settings from Section [/Script/UnrealEd.CookerSettings] File [C:/repo/topdownshoterkg/MyProject4/Saved/Config/Windows/Engine.ini]
[2024.04.10-15.09.35:883][  0]LogConfig: Applying CVar settings from Section [ViewDistanceQuality@3] File [C:/repo/topdownshoterkg/MyProject4/Saved/Config/Windows/Scalability.ini]
[2024.04.10-15.09.35:883][  0]LogConfig: Setting CVar [[r.SkeletalMeshLODBias:0]]
[2024.04.10-15.09.35:883][  0]LogConfig: Setting CVar [[r.ViewDistanceScale:1.0]]
[2024.04.10-15.09.35:883][  0]LogConfig: Applying CVar settings from Section [AntiAliasingQuality@3] File [C:/repo/topdownshoterkg/MyProject4/Saved/Config/Windows/Scalability.ini]
[2024.04.10-15.09.35:883][  0]LogConfig: Setting CVar [[r.PostProcessAAQuality:4]]
[2024.04.10-15.09.35:883][  0]LogConfig: Applying CVar settings from Section [ShadowQuality@3] File [C:/repo/topdownshoterkg/MyProject4/Saved/Config/Windows/Scalability.ini]
[2024.04.10-15.09.35:883][  0]LogConfig: Setting CVar [[r.LightFunctionQuality:1]]
[2024.04.10-15.09.35:883][  0]LogConfig: Setting CVar [[r.ShadowQuality:5]]
[2024.04.10-15.09.35:883][  0]LogConfig: Setting CVar [[r.Shadow.CSM.MaxCascades:10]]
[2024.04.10-15.09.35:883][  0]LogConfig: Setting CVar [[r.Shadow.MaxResolution:2048]]
[2024.04.10-15.09.35:883][  0]LogConfig: Setting CVar [[r.Shadow.MaxCSMResolution:2048]]
[2024.04.10-15.09.35:883][  0]LogConfig: Setting CVar [[r.Shadow.RadiusThreshold:0.01]]
[2024.04.10-15.09.35:883][  0]LogConfig: Setting CVar [[r.Shadow.DistanceScale:1.0]]
[2024.04.10-15.09.35:883][  0]LogConfig: Setting CVar [[r.Shadow.CSM.TransitionScale:1.0]]
[2024.04.10-15.09.35:883][  0]LogConfig: Setting CVar [[r.Shadow.PreShadowResolutionFactor:1.0]]
[2024.04.10-15.09.35:883][  0]LogConfig: Setting CVar [[r.DistanceFieldShadowing:1]]
[2024.04.10-15.09.35:883][  0]LogConfig: Setting CVar [[r.DistanceFieldAO:1]]
[2024.04.10-15.09.35:883][  0]LogConfig: Setting CVar [[r.AOQuality:2]]
[2024.04.10-15.09.35:883][  0]LogConfig: Setting CVar [[r.VolumetricFog:1]]
[2024.04.10-15.09.35:883][  0]LogConfig: Setting CVar [[r.VolumetricFog.GridPixelSize:8]]
[2024.04.10-15.09.35:883][  0]LogConfig: Setting CVar [[r.VolumetricFog.GridSizeZ:128]]
[2024.04.10-15.09.35:883][  0]LogConfig: Setting CVar [[r.VolumetricFog.HistoryMissSupersampleCount:4]]
[2024.04.10-15.09.35:883][  0]LogConfig: Setting CVar [[r.LightMaxDrawDistanceScale:1]]
[2024.04.10-15.09.35:883][  0]LogConfig: Setting CVar [[r.CapsuleShadows:1]]
[2024.04.10-15.09.35:883][  0]LogConfig: Applying CVar settings from Section [PostProcessQuality@3] File [C:/repo/topdownshoterkg/MyProject4/Saved/Config/Windows/Scalability.ini]
[2024.04.10-15.09.35:883][  0]LogConfig: Setting CVar [[r.MotionBlurQuality:4]]
[2024.04.10-15.09.35:883][  0]LogConfig: Setting CVar [[r.AmbientOcclusionMipLevelFactor:0.4]]
[2024.04.10-15.09.35:883][  0]LogConfig: Setting CVar [[r.AmbientOcclusionMaxQuality:100]]
[2024.04.10-15.09.35:883][  0]LogConfig: Setting CVar [[r.AmbientOcclusionLevels:-1]]
[2024.04.10-15.09.35:883][  0]LogConfig: Setting CVar [[r.AmbientOcclusionRadiusScale:1.0]]
[2024.04.10-15.09.35:883][  0]LogConfig: Setting CVar [[r.DepthOfFieldQuality:2]]
[2024.04.10-15.09.35:883][  0]LogConfig: Setting CVar [[r.RenderTargetPoolMin:400]]
[2024.04.10-15.09.35:883][  0]LogConfig: Setting CVar [[r.LensFlareQuality:2]]
[2024.04.10-15.09.35:883][  0]LogConfig: Setting CVar [[r.SceneColorFringeQuality:1]]
[2024.04.10-15.09.35:883][  0]LogConfig: Setting CVar [[r.EyeAdaptationQuality:2]]
[2024.04.10-15.09.35:883][  0]LogConfig: Setting CVar [[r.BloomQuality:5]]
[2024.04.10-15.09.35:883][  0]LogConfig: Setting CVar [[r.FastBlurThreshold:100]]
[2024.04.10-15.09.35:883][  0]LogConfig: Setting CVar [[r.Upscale.Quality:3]]
[2024.04.10-15.09.35:884][  0]LogConfig: Setting CVar [[r.Tonemapper.GrainQuantization:1]]
[2024.04.10-15.09.35:884][  0]LogConfig: Setting CVar [[r.LightShaftQuality:1]]
[2024.04.10-15.09.35:884][  0]LogConfig: Setting CVar [[r.Filter.SizeScale:1]]
[2024.04.10-15.09.35:884][  0]LogConfig: Setting CVar [[r.Tonemapper.Quality:5]]
[2024.04.10-15.09.35:884][  0]LogConfig: Setting CVar [[r.DOF.Gather.AccumulatorQuality:1        ; higher gathering accumulator quality]]
[2024.04.10-15.09.35:884][  0]LogConfig: Setting CVar [[r.DOF.Gather.PostfilterMethod:1          ; Median3x3 postfilering method]]
[2024.04.10-15.09.35:884][  0]LogConfig: Setting CVar [[r.DOF.Gather.EnableBokehSettings:0       ; no bokeh simulation when gathering]]
[2024.04.10-15.09.35:884][  0]LogConfig: Setting CVar [[r.DOF.Gather.RingCount:4                 ; medium number of samples when gathering]]
[2024.04.10-15.09.35:884][  0]LogConfig: Setting CVar [[r.DOF.Scatter.ForegroundCompositing:1    ; additive foreground scattering]]
[2024.04.10-15.09.35:884][  0]LogConfig: Setting CVar [[r.DOF.Scatter.BackgroundCompositing:2    ; additive background scattering]]
[2024.04.10-15.09.35:884][  0]LogConfig: Setting CVar [[r.DOF.Scatter.EnableBokehSettings:1      ; bokeh simulation when scattering]]
[2024.04.10-15.09.35:884][  0]LogConfig: Setting CVar [[r.DOF.Scatter.MaxSpriteRatio:0.1         ; only a maximum of 10% of scattered bokeh]]
[2024.04.10-15.09.35:884][  0]LogConfig: Setting CVar [[r.DOF.Recombine.Quality:1                ; cheap slight out of focus]]
[2024.04.10-15.09.35:884][  0]LogConfig: Setting CVar [[r.DOF.Recombine.EnableBokehSettings:0    ; no bokeh simulation on slight out of focus]]
[2024.04.10-15.09.35:884][  0]LogConfig: Setting CVar [[r.DOF.TemporalAAQuality:1                ; more stable temporal accumulation]]
[2024.04.10-15.09.35:884][  0]LogConfig: Setting CVar [[r.DOF.Kernel.MaxForegroundRadius:0.025]]
[2024.04.10-15.09.35:884][  0]LogConfig: Setting CVar [[r.DOF.Kernel.MaxBackgroundRadius:0.025]]
[2024.04.10-15.09.35:884][  0]LogConfig: Applying CVar settings from Section [TextureQuality@3] File [C:/repo/topdownshoterkg/MyProject4/Saved/Config/Windows/Scalability.ini]
[2024.04.10-15.09.35:884][  0]LogConfig: Setting CVar [[r.Streaming.MipBias:0]]
[2024.04.10-15.09.35:884][  0]LogConfig: Setting CVar [[r.Streaming.AmortizeCPUToGPUCopy:0]]
[2024.04.10-15.09.35:884][  0]LogConfig: Setting CVar [[r.Streaming.MaxNumTexturesToStreamPerFrame:0]]
[2024.04.10-15.09.35:884][  0]LogConfig: Setting CVar [[r.Streaming.Boost:1]]
[2024.04.10-15.09.35:884][  0]LogConfig: Setting CVar [[r.MaxAnisotropy:8]]
[2024.04.10-15.09.35:884][  0]LogConfig: Setting CVar [[r.VT.MaxAnisotropy:8]]
[2024.04.10-15.09.35:884][  0]LogConfig: Setting CVar [[r.Streaming.LimitPoolSizeToVRAM:0]]
[2024.04.10-15.09.35:884][  0]LogConfig: Setting CVar [[r.Streaming.PoolSize:1000]]
[2024.04.10-15.09.35:884][  0]LogConfig: Setting CVar [[r.Streaming.MaxEffectiveScreenSize:0]]
[2024.04.10-15.09.35:884][  0]LogConfig: Applying CVar settings from Section [EffectsQuality@3] File [C:/repo/topdownshoterkg/MyProject4/Saved/Config/Windows/Scalability.ini]
[2024.04.10-15.09.35:884][  0]LogConfig: Setting CVar [[r.TranslucencyLightingVolumeDim:64]]
[2024.04.10-15.09.35:884][  0]LogConfig: Setting CVar [[r.RefractionQuality:2]]
[2024.04.10-15.09.35:884][  0]LogConfig: Setting CVar [[r.SSR.Quality:3]]
[2024.04.10-15.09.35:884][  0]LogConfig: Setting CVar [[r.SSR.HalfResSceneColor:0]]
[2024.04.10-15.09.35:884][  0]LogConfig: Setting CVar [[r.SceneColorFormat:4]]
[2024.04.10-15.09.35:884][  0]LogConfig: Setting CVar [[r.DetailMode:2]]
[2024.04.10-15.09.35:884][  0]LogConfig: Setting CVar [[r.TranslucencyVolumeBlur:1]]
[2024.04.10-15.09.35:884][  0]LogConfig: Setting CVar [[r.MaterialQualityLevel:1 ; High quality]]
[2024.04.10-15.09.35:884][  0]LogConfig: Setting CVar [[r.AnisotropicMaterials:1]]
[2024.04.10-15.09.35:884][  0]LogConfig: Setting CVar [[r.SSS.Scale:1]]
[2024.04.10-15.09.35:884][  0]LogConfig: Setting CVar [[r.SSS.SampleSet:2]]
[2024.04.10-15.09.35:884][  0]LogConfig: Setting CVar [[r.SSS.Quality:1]]
[2024.04.10-15.09.35:884][  0]LogConfig: Setting CVar [[r.SSS.HalfRes:0]]
[2024.04.10-15.09.35:884][  0]LogConfig: Setting CVar [[r.SSGI.Quality:3]]
[2024.04.10-15.09.35:884][  0]LogConfig: Setting CVar [[r.EmitterSpawnRateScale:1.0]]
[2024.04.10-15.09.35:884][  0]LogConfig: Setting CVar [[r.ParticleLightQuality:2]]
[2024.04.10-15.09.35:884][  0]LogConfig: Setting CVar [[r.SkyAtmosphere.AerialPerspectiveLUT.FastApplyOnOpaque:1 ; Always have FastSkyLUT 1 in this case to avoid wrong sky]]
[2024.04.10-15.09.35:884][  0]LogConfig: Setting CVar [[r.SkyAtmosphere.AerialPerspectiveLUT.SampleCountMaxPerSlice:4]]
[2024.04.10-15.09.35:884][  0]LogConfig: Setting CVar [[r.SkyAtmosphere.AerialPerspectiveLUT.DepthResolution:16.0]]
[2024.04.10-15.09.35:884][  0]LogConfig: Setting CVar [[r.SkyAtmosphere.FastSkyLUT:1]]
[2024.04.10-15.09.35:884][  0]LogConfig: Setting CVar [[r.SkyAtmosphere.FastSkyLUT.SampleCountMin:4.0]]
[2024.04.10-15.09.35:884][  0]LogConfig: Setting CVar [[r.SkyAtmosphere.FastSkyLUT.SampleCountMax:128.0]]
[2024.04.10-15.09.35:884][  0]LogConfig: Setting CVar [[r.SkyAtmosphere.SampleCountMin:4.0]]
[2024.04.10-15.09.35:884][  0]LogConfig: Setting CVar [[r.SkyAtmosphere.SampleCountMax:128.0]]
[2024.04.10-15.09.35:884][  0]LogConfig: Setting CVar [[r.SkyAtmosphere.TransmittanceLUT.UseSmallFormat:0]]
[2024.04.10-15.09.35:884][  0]LogConfig: Setting CVar [[r.SkyAtmosphere.TransmittanceLUT.SampleCount:10.0]]
[2024.04.10-15.09.35:884][  0]LogConfig: Setting CVar [[r.SkyAtmosphere.MultiScatteringLUT.SampleCount:15.0]]
[2024.04.10-15.09.35:884][  0]LogConfig: Setting CVar [[r.SkyLight.RealTimeReflectionCapture:1]]
[2024.04.10-15.09.35:884][  0]LogConfig: Applying CVar settings from Section [FoliageQuality@3] File [C:/repo/topdownshoterkg/MyProject4/Saved/Config/Windows/Scalability.ini]
[2024.04.10-15.09.35:884][  0]LogConfig: Setting CVar [[foliage.DensityScale:1.0]]
[2024.04.10-15.09.35:884][  0]LogConfig: Setting CVar [[grass.DensityScale:1.0]]
[2024.04.10-15.09.35:884][  0]LogConfig: Applying CVar settings from Section [ShadingQuality@3] File [C:/repo/topdownshoterkg/MyProject4/Saved/Config/Windows/Scalability.ini]
[2024.04.10-15.09.35:884][  0]LogConfig: Setting CVar [[r.HairStrands.SkyLighting.IntegrationType:2]]
[2024.04.10-15.09.35:884][  0]LogConfig: Setting CVar [[r.HairStrands.SkyAO.SampleCount:4]]
[2024.04.10-15.09.35:884][  0]LogConfig: Setting CVar [[r.HairStrands.Visibility.MSAA.SamplePerPixel:4]]
[2024.04.10-15.09.35:884][  0]LogInit: Selected Device Profile: [Windows]
[2024.04.10-15.09.35:884][  0]LogInit: Applying CVar settings loaded from the selected device profile: [Windows]
[2024.04.10-15.09.35:884][  0]LogHAL: Display: Platform has ~ 32 GB [34141356032 / 34359738368 / 32], which maps to Largest [LargestMinGB=32, LargerMinGB=12, DefaultMinGB=8, SmallerMinGB=6, SmallestMinGB=0)
[2024.04.10-15.09.35:884][  0]LogInit: Going up to parent DeviceProfile []
[2024.04.10-15.09.35:884][  0]LogConfig: Applying CVar settings from Section [ViewDistanceQuality@3] File [C:/repo/topdownshoterkg/MyProject4/Saved/Config/Windows/Scalability.ini]
[2024.04.10-15.09.35:884][  0]LogConfig: Setting CVar [[r.SkeletalMeshLODBias:0]]
[2024.04.10-15.09.35:884][  0]LogConfig: Setting CVar [[r.ViewDistanceScale:1.0]]
[2024.04.10-15.09.35:884][  0]LogConfig: Applying CVar settings from Section [AntiAliasingQuality@3] File [C:/repo/topdownshoterkg/MyProject4/Saved/Config/Windows/Scalability.ini]
[2024.04.10-15.09.35:884][  0]LogConfig: Setting CVar [[r.PostProcessAAQuality:4]]
[2024.04.10-15.09.35:884][  0]LogConfig: Applying CVar settings from Section [ShadowQuality@3] File [C:/repo/topdownshoterkg/MyProject4/Saved/Config/Windows/Scalability.ini]
[2024.04.10-15.09.35:884][  0]LogConfig: Setting CVar [[r.LightFunctionQuality:1]]
[2024.04.10-15.09.35:884][  0]LogConfig: Setting CVar [[r.ShadowQuality:5]]
[2024.04.10-15.09.35:885][  0]LogConfig: Setting CVar [[r.Shadow.CSM.MaxCascades:10]]
[2024.04.10-15.09.35:885][  0]LogConfig: Setting CVar [[r.Shadow.MaxResolution:2048]]
[2024.04.10-15.09.35:885][  0]LogConfig: Setting CVar [[r.Shadow.MaxCSMResolution:2048]]
[2024.04.10-15.09.35:885][  0]LogConfig: Setting CVar [[r.Shadow.RadiusThreshold:0.01]]
[2024.04.10-15.09.35:885][  0]LogConfig: Setting CVar [[r.Shadow.DistanceScale:1.0]]
[2024.04.10-15.09.35:885][  0]LogConfig: Setting CVar [[r.Shadow.CSM.TransitionScale:1.0]]
[2024.04.10-15.09.35:885][  0]LogConfig: Setting CVar [[r.Shadow.PreShadowResolutionFactor:1.0]]
[2024.04.10-15.09.35:885][  0]LogConfig: Setting CVar [[r.DistanceFieldShadowing:1]]
[2024.04.10-15.09.35:885][  0]LogConfig: Setting CVar [[r.DistanceFieldAO:1]]
[2024.04.10-15.09.35:885][  0]LogConfig: Setting CVar [[r.AOQuality:2]]
[2024.04.10-15.09.35:885][  0]LogConfig: Setting CVar [[r.VolumetricFog:1]]
[2024.04.10-15.09.35:885][  0]LogConfig: Setting CVar [[r.VolumetricFog.GridPixelSize:8]]
[2024.04.10-15.09.35:885][  0]LogConfig: Setting CVar [[r.VolumetricFog.GridSizeZ:128]]
[2024.04.10-15.09.35:885][  0]LogConfig: Setting CVar [[r.VolumetricFog.HistoryMissSupersampleCount:4]]
[2024.04.10-15.09.35:885][  0]LogConfig: Setting CVar [[r.LightMaxDrawDistanceScale:1]]
[2024.04.10-15.09.35:885][  0]LogConfig: Setting CVar [[r.CapsuleShadows:1]]
[2024.04.10-15.09.35:885][  0]LogConfig: Applying CVar settings from Section [PostProcessQuality@3] File [C:/repo/topdownshoterkg/MyProject4/Saved/Config/Windows/Scalability.ini]
[2024.04.10-15.09.35:885][  0]LogConfig: Setting CVar [[r.MotionBlurQuality:4]]
[2024.04.10-15.09.35:885][  0]LogConfig: Setting CVar [[r.AmbientOcclusionMipLevelFactor:0.4]]
[2024.04.10-15.09.35:885][  0]LogConfig: Setting CVar [[r.AmbientOcclusionMaxQuality:100]]
[2024.04.10-15.09.35:885][  0]LogConfig: Setting CVar [[r.AmbientOcclusionLevels:-1]]
[2024.04.10-15.09.35:885][  0]LogConfig: Setting CVar [[r.AmbientOcclusionRadiusScale:1.0]]
[2024.04.10-15.09.35:885][  0]LogConfig: Setting CVar [[r.DepthOfFieldQuality:2]]
[2024.04.10-15.09.35:885][  0]LogConfig: Setting CVar [[r.RenderTargetPoolMin:400]]
[2024.04.10-15.09.35:885][  0]LogConfig: Setting CVar [[r.LensFlareQuality:2]]
[2024.04.10-15.09.35:885][  0]LogConfig: Setting CVar [[r.SceneColorFringeQuality:1]]
[2024.04.10-15.09.35:885][  0]LogConfig: Setting CVar [[r.EyeAdaptationQuality:2]]
[2024.04.10-15.09.35:885][  0]LogConfig: Setting CVar [[r.BloomQuality:5]]
[2024.04.10-15.09.35:885][  0]LogConfig: Setting CVar [[r.FastBlurThreshold:100]]
[2024.04.10-15.09.35:885][  0]LogConfig: Setting CVar [[r.Upscale.Quality:3]]
[2024.04.10-15.09.35:885][  0]LogConfig: Setting CVar [[r.Tonemapper.GrainQuantization:1]]
[2024.04.10-15.09.35:885][  0]LogConfig: Setting CVar [[r.LightShaftQuality:1]]
[2024.04.10-15.09.35:885][  0]LogConfig: Setting CVar [[r.Filter.SizeScale:1]]
[2024.04.10-15.09.35:885][  0]LogConfig: Setting CVar [[r.Tonemapper.Quality:5]]
[2024.04.10-15.09.35:885][  0]LogConfig: Setting CVar [[r.DOF.Gather.AccumulatorQuality:1        ; higher gathering accumulator quality]]
[2024.04.10-15.09.35:885][  0]LogConfig: Setting CVar [[r.DOF.Gather.PostfilterMethod:1          ; Median3x3 postfilering method]]
[2024.04.10-15.09.35:885][  0]LogConfig: Setting CVar [[r.DOF.Gather.EnableBokehSettings:0       ; no bokeh simulation when gathering]]
[2024.04.10-15.09.35:885][  0]LogConfig: Setting CVar [[r.DOF.Gather.RingCount:4                 ; medium number of samples when gathering]]
[2024.04.10-15.09.35:885][  0]LogConfig: Setting CVar [[r.DOF.Scatter.ForegroundCompositing:1    ; additive foreground scattering]]
[2024.04.10-15.09.35:885][  0]LogConfig: Setting CVar [[r.DOF.Scatter.BackgroundCompositing:2    ; additive background scattering]]
[2024.04.10-15.09.35:885][  0]LogConfig: Setting CVar [[r.DOF.Scatter.EnableBokehSettings:1      ; bokeh simulation when scattering]]
[2024.04.10-15.09.35:885][  0]LogConfig: Setting CVar [[r.DOF.Scatter.MaxSpriteRatio:0.1         ; only a maximum of 10% of scattered bokeh]]
[2024.04.10-15.09.35:885][  0]LogConfig: Setting CVar [[r.DOF.Recombine.Quality:1                ; cheap slight out of focus]]
[2024.04.10-15.09.35:885][  0]LogConfig: Setting CVar [[r.DOF.Recombine.EnableBokehSettings:0    ; no bokeh simulation on slight out of focus]]
[2024.04.10-15.09.35:885][  0]LogConfig: Setting CVar [[r.DOF.TemporalAAQuality:1                ; more stable temporal accumulation]]
[2024.04.10-15.09.35:885][  0]LogConfig: Setting CVar [[r.DOF.Kernel.MaxForegroundRadius:0.025]]
[2024.04.10-15.09.35:885][  0]LogConfig: Setting CVar [[r.DOF.Kernel.MaxBackgroundRadius:0.025]]
[2024.04.10-15.09.35:885][  0]LogConfig: Applying CVar settings from Section [TextureQuality@3] File [C:/repo/topdownshoterkg/MyProject4/Saved/Config/Windows/Scalability.ini]
[2024.04.10-15.09.35:885][  0]LogConfig: Setting CVar [[r.Streaming.MipBias:0]]
[2024.04.10-15.09.35:885][  0]LogConfig: Setting CVar [[r.Streaming.AmortizeCPUToGPUCopy:0]]
[2024.04.10-15.09.35:885][  0]LogConfig: Setting CVar [[r.Streaming.MaxNumTexturesToStreamPerFrame:0]]
[2024.04.10-15.09.35:885][  0]LogConfig: Setting CVar [[r.Streaming.Boost:1]]
[2024.04.10-15.09.35:885][  0]LogConfig: Setting CVar [[r.MaxAnisotropy:8]]
[2024.04.10-15.09.35:885][  0]LogConfig: Setting CVar [[r.VT.MaxAnisotropy:8]]
[2024.04.10-15.09.35:885][  0]LogConfig: Setting CVar [[r.Streaming.LimitPoolSizeToVRAM:0]]
[2024.04.10-15.09.35:885][  0]LogConfig: Setting CVar [[r.Streaming.PoolSize:1000]]
[2024.04.10-15.09.35:885][  0]LogConfig: Setting CVar [[r.Streaming.MaxEffectiveScreenSize:0]]
[2024.04.10-15.09.35:885][  0]LogConfig: Applying CVar settings from Section [EffectsQuality@3] File [C:/repo/topdownshoterkg/MyProject4/Saved/Config/Windows/Scalability.ini]
[2024.04.10-15.09.35:885][  0]LogConfig: Setting CVar [[r.TranslucencyLightingVolumeDim:64]]
[2024.04.10-15.09.35:885][  0]LogConfig: Setting CVar [[r.RefractionQuality:2]]
[2024.04.10-15.09.35:885][  0]LogConfig: Setting CVar [[r.SSR.Quality:3]]
[2024.04.10-15.09.35:885][  0]LogConfig: Setting CVar [[r.SSR.HalfResSceneColor:0]]
[2024.04.10-15.09.35:885][  0]LogConfig: Setting CVar [[r.SceneColorFormat:4]]
[2024.04.10-15.09.35:885][  0]LogConfig: Setting CVar [[r.DetailMode:2]]
[2024.04.10-15.09.35:885][  0]LogConfig: Setting CVar [[r.TranslucencyVolumeBlur:1]]
[2024.04.10-15.09.35:885][  0]LogConfig: Setting CVar [[r.MaterialQualityLevel:1 ; High quality]]
[2024.04.10-15.09.35:885][  0]LogConfig: Setting CVar [[r.AnisotropicMaterials:1]]
[2024.04.10-15.09.35:885][  0]LogConfig: Setting CVar [[r.SSS.Scale:1]]
[2024.04.10-15.09.35:885][  0]LogConfig: Setting CVar [[r.SSS.SampleSet:2]]
[2024.04.10-15.09.35:885][  0]LogConfig: Setting CVar [[r.SSS.Quality:1]]
[2024.04.10-15.09.35:885][  0]LogConfig: Setting CVar [[r.SSS.HalfRes:0]]
[2024.04.10-15.09.35:885][  0]LogConfig: Setting CVar [[r.SSGI.Quality:3]]
[2024.04.10-15.09.35:885][  0]LogConfig: Setting CVar [[r.EmitterSpawnRateScale:1.0]]
[2024.04.10-15.09.35:885][  0]LogConfig: Setting CVar [[r.ParticleLightQuality:2]]
[2024.04.10-15.09.35:885][  0]LogConfig: Setting CVar [[r.SkyAtmosphere.AerialPerspectiveLUT.FastApplyOnOpaque:1 ; Always have FastSkyLUT 1 in this case to avoid wrong sky]]
[2024.04.10-15.09.35:885][  0]LogConfig: Setting CVar [[r.SkyAtmosphere.AerialPerspectiveLUT.SampleCountMaxPerSlice:4]]
[2024.04.10-15.09.35:885][  0]LogConfig: Setting CVar [[r.SkyAtmosphere.AerialPerspectiveLUT.DepthResolution:16.0]]
[2024.04.10-15.09.35:885][  0]LogConfig: Setting CVar [[r.SkyAtmosphere.FastSkyLUT:1]]
[2024.04.10-15.09.35:885][  0]LogConfig: Setting CVar [[r.SkyAtmosphere.FastSkyLUT.SampleCountMin:4.0]]
[2024.04.10-15.09.35:885][  0]LogConfig: Setting CVar [[r.SkyAtmosphere.FastSkyLUT.SampleCountMax:128.0]]
[2024.04.10-15.09.35:885][  0]LogConfig: Setting CVar [[r.SkyAtmosphere.SampleCountMin:4.0]]
[2024.04.10-15.09.35:885][  0]LogConfig: Setting CVar [[r.SkyAtmosphere.SampleCountMax:128.0]]
[2024.04.10-15.09.35:885][  0]LogConfig: Setting CVar [[r.SkyAtmosphere.TransmittanceLUT.UseSmallFormat:0]]
[2024.04.10-15.09.35:885][  0]LogConfig: Setting CVar [[r.SkyAtmosphere.TransmittanceLUT.SampleCount:10.0]]
[2024.04.10-15.09.35:885][  0]LogConfig: Setting CVar [[r.SkyAtmosphere.MultiScatteringLUT.SampleCount:15.0]]
[2024.04.10-15.09.35:885][  0]LogConfig: Setting CVar [[r.SkyLight.RealTimeReflectionCapture:1]]
[2024.04.10-15.09.35:885][  0]LogConfig: Applying CVar settings from Section [FoliageQuality@3] File [C:/repo/topdownshoterkg/MyProject4/Saved/Config/Windows/Scalability.ini]
[2024.04.10-15.09.35:885][  0]LogConfig: Setting CVar [[foliage.DensityScale:1.0]]
[2024.04.10-15.09.35:885][  0]LogConfig: Setting CVar [[grass.DensityScale:1.0]]
[2024.04.10-15.09.35:886][  0]LogConfig: Applying CVar settings from Section [ShadingQuality@3] File [C:/repo/topdownshoterkg/MyProject4/Saved/Config/Windows/Scalability.ini]
[2024.04.10-15.09.35:886][  0]LogConfig: Setting CVar [[r.HairStrands.SkyLighting.IntegrationType:2]]
[2024.04.10-15.09.35:886][  0]LogConfig: Setting CVar [[r.HairStrands.SkyAO.SampleCount:4]]
[2024.04.10-15.09.35:886][  0]LogConfig: Setting CVar [[r.HairStrands.Visibility.MSAA.SamplePerPixel:4]]
[2024.04.10-15.09.35:886][  0]LogConfig: Applying CVar settings from Section [Startup] File [../../../Engine/Config/ConsoleVariables.ini]
[2024.04.10-15.09.35:886][  0]LogConfig: Setting CVar [[net.UseAdaptiveNetUpdateFrequency:0]]
[2024.04.10-15.09.35:886][  0]LogConfig: Setting CVar [[p.chaos.AllowCreatePhysxBodies:1]]
[2024.04.10-15.09.35:886][  0]LogConfig: Setting CVar [[fx.SkipVectorVMBackendOptimizations:1]]
[2024.04.10-15.09.35:886][  0]LogConfig: Applying CVar settings from Section [ConsoleVariables] File [C:/repo/topdownshoterkg/MyProject4/Saved/Config/Windows/Engine.ini]
[2024.04.10-15.09.35:886][  0]LogConfig: Applying CVar settings from Section [ConsoleVariables] File [C:/repo/topdownshoterkg/MyProject4/Saved/Config/Windows/Editor.ini]
[2024.04.10-15.09.35:886][  0]LogInit: Computer: DESKTOP-7CL8AJ2
[2024.04.10-15.09.35:886][  0]LogInit: User: user
[2024.04.10-15.09.35:886][  0]LogInit: CPU Page size=4096, Cores=6
[2024.04.10-15.09.35:886][  0]LogInit: High frequency timer resolution =10.000000 MHz
[2024.04.10-15.09.35:886][  0]LogMemory: Memory total: Physical=31.8GB (32GB approx)
[2024.04.10-15.09.35:886][  0]LogMemory: Platform Memory Stats for Windows
[2024.04.10-15.09.35:886][  0]LogMemory: Process Physical Memory: 146.82 MB used, 151.34 MB peak
[2024.04.10-15.09.35:886][  0]LogMemory: Process Virtual Memory: 116.05 MB used, 116.05 MB peak
[2024.04.10-15.09.35:886][  0]LogMemory: Physical Memory: 8454.34 MB used,  24105.39 MB free, 32559.73 MB total
[2024.04.10-15.09.35:886][  0]LogMemory: Virtual Memory: 134192040.00 MB used,  25683.97 MB free, 134217728.00 MB total
[2024.04.10-15.09.35:891][  0]LogWindows: WindowsPlatformFeatures enabled
[2024.04.10-15.09.35:909][  0]LogInit: Physics initialised using underlying interface: PhysX
[2024.04.10-15.09.35:910][  0]LogInit: Using OS detected language (pl-PL).
[2024.04.10-15.09.35:910][  0]LogInit: Using OS detected locale (pl-PL).
[2024.04.10-15.09.35:913][  0]LogTextLocalizationManager: No specific localization for 'pl-PL' exists, so the 'pl' localization will be used.
[2024.04.10-15.09.35:914][  0]LogTextLocalizationResource: LocRes '../../../Engine/Content/Localization/Editor/pl/Editor.locres' could not be opened for reading!
[2024.04.10-15.09.35:914][  0]LogTextLocalizationResource: LocRes '../../../Engine/Content/Localization/EditorTutorials/pl/EditorTutorials.locres' could not be opened for reading!
[2024.04.10-15.09.35:914][  0]LogTextLocalizationResource: LocRes '../../../Engine/Content/Localization/Keywords/pl/Keywords.locres' could not be opened for reading!
[2024.04.10-15.09.35:914][  0]LogTextLocalizationResource: LocRes '../../../Engine/Content/Localization/Category/pl/Category.locres' could not be opened for reading!
[2024.04.10-15.09.35:914][  0]LogTextLocalizationResource: LocRes '../../../Engine/Content/Localization/ToolTips/pl/ToolTips.locres' could not be opened for reading!
[2024.04.10-15.09.35:914][  0]LogTextLocalizationResource: LocRes '../../../Engine/Content/Localization/PropertyNames/pl/PropertyNames.locres' could not be opened for reading!
[2024.04.10-15.09.35:914][  0]LogTextLocalizationResource: LocRes '../../../Engine/Content/Localization/Engine/pl/Engine.locres' could not be opened for reading!
[2024.04.10-15.09.35:915][  0]LogInit: Setting process to per monitor DPI aware
[2024.04.10-15.09.35:928][  0]LogWindowsTextInputMethodSystem: Display: IME system deactivated.
[2024.04.10-15.09.35:940][  0]LogSlate: New Slate User Created.  User Index 0, Is Virtual User: 0
[2024.04.10-15.09.35:940][  0]LogSlate: Slate User Registered.  User Index 0, Is Virtual User: 0
[2024.04.10-15.09.36:058][  0]LogD3D11RHI: Loaded GFSDK_Aftermath_Lib.x64.dll
[2024.04.10-15.09.36:115][  0]LogHMD: Failed to initialize OpenVR with code 215
[2024.04.10-15.09.36:115][  0]LogD3D11RHI: D3D11 min allowed feature level: 11_0
[2024.04.10-15.09.36:115][  0]LogD3D11RHI: D3D11 max allowed feature level: 11_0
[2024.04.10-15.09.36:115][  0]LogD3D11RHI: D3D11 adapters:
[2024.04.10-15.09.36:256][  0]LogD3D11RHI:    0. 'NVIDIA GeForce RTX 3060' (Feature Level 11_0)
[2024.04.10-15.09.36:256][  0]LogD3D11RHI:       12124/0/16279 MB DedicatedVideo/DedicatedSystem/SharedSystem, Outputs:1, VendorId:0x10de
[2024.04.10-15.09.36:258][  0]LogD3D11RHI:    1. 'Microsoft Basic Render Driver' (Feature Level 11_0)
[2024.04.10-15.09.36:258][  0]LogD3D11RHI:       0/0/16279 MB DedicatedVideo/DedicatedSystem/SharedSystem, Outputs:0, VendorId:0x1414
[2024.04.10-15.09.36:258][  0]LogD3D11RHI: Chosen D3D11 Adapter:
[2024.04.10-15.09.36:258][  0]LogD3D11RHI:     Description : NVIDIA GeForce RTX 3060
[2024.04.10-15.09.36:258][  0]LogD3D11RHI:     VendorId    : 10de
[2024.04.10-15.09.36:258][  0]LogD3D11RHI:     DeviceId    : 2487
[2024.04.10-15.09.36:258][  0]LogD3D11RHI:     SubSysId    : 13a7196e
[2024.04.10-15.09.36:258][  0]LogD3D11RHI:     Revision    : 00a1
[2024.04.10-15.09.36:258][  0]LogD3D11RHI:     DedicatedVideoMemory : 12712935424 bytes
[2024.04.10-15.09.36:258][  0]LogD3D11RHI:     DedicatedSystemMemory : 0 bytes
[2024.04.10-15.09.36:258][  0]LogD3D11RHI:     SharedSystemMemory : 17070678016 bytes
[2024.04.10-15.09.36:258][  0]LogD3D11RHI:     AdapterLuid : 0 78954
[2024.04.10-15.09.36:264][  0]LogD3D11RHI: Creating new Direct3DDevice
[2024.04.10-15.09.36:264][  0]LogD3D11RHI:     GPU DeviceId: 0x2487 (for the marketing name, search the web for "GPU Device Id")
[2024.04.10-15.09.36:264][  0]LogWindows: EnumDisplayDevices:
[2024.04.10-15.09.36:264][  0]LogWindows:    0. 'NVIDIA GeForce RTX 3060' (P:1 D:1)
[2024.04.10-15.09.36:264][  0]LogWindows:    1. 'NVIDIA GeForce RTX 3060' (P:0 D:0)
[2024.04.10-15.09.36:264][  0]LogWindows:    2. 'NVIDIA GeForce RTX 3060' (P:0 D:0)
[2024.04.10-15.09.36:265][  0]LogWindows:    3. 'NVIDIA GeForce RTX 3060' (P:0 D:0)
[2024.04.10-15.09.36:265][  0]LogWindows: DebugString: FoundDriverCount:4 
[2024.04.10-15.09.36:265][  0]LogD3D11RHI:     Adapter Name: NVIDIA GeForce RTX 3060
[2024.04.10-15.09.36:265][  0]LogD3D11RHI:   Driver Version: 536.23 (internal:31.0.15.3623, unified:536.23)
[2024.04.10-15.09.36:265][  0]LogD3D11RHI:      Driver Date: 6-8-2023
[2024.04.10-15.09.36:265][  0]LogRHI: Texture pool is 8486 MB (70% of 12124 MB)
[2024.04.10-15.09.36:265][  0]LogD3D11RHI: Creating D3DDevice using adapter:
[2024.04.10-15.09.36:265][  0]LogD3D11RHI:     Description : NVIDIA GeForce RTX 3060
[2024.04.10-15.09.36:265][  0]LogD3D11RHI:     VendorId    : 10de
[2024.04.10-15.09.36:265][  0]LogD3D11RHI:     DeviceId    : 2487
[2024.04.10-15.09.36:265][  0]LogD3D11RHI:     SubSysId    : 13a7196e
[2024.04.10-15.09.36:265][  0]LogD3D11RHI:     Revision    : 00a1
[2024.04.10-15.09.36:265][  0]LogD3D11RHI:     DedicatedVideoMemory : 12712935424 bytes
[2024.04.10-15.09.36:265][  0]LogD3D11RHI:     DedicatedSystemMemory : 0 bytes
[2024.04.10-15.09.36:265][  0]LogD3D11RHI:     SharedSystemMemory : 17070678016 bytes
[2024.04.10-15.09.36:265][  0]LogD3D11RHI:     AdapterLuid : 0 78954
[2024.04.10-15.09.36:363][  0]LogD3D11RHI: RHI has support for 64 bit atomics
[2024.04.10-15.09.36:363][  0]LogD3D11RHI: Async texture creation enabled
[2024.04.10-15.09.36:363][  0]LogD3D11RHI: Array index from any shader is supported
[2024.04.10-15.09.36:377][  0]LogD3D11RHI: GPU Timing Frequency: 1000.000000 (Debug: 2 1)
[2024.04.10-15.09.36:405][  0]LogRHI: GeForceNow SDK initialized: 1
[2024.04.10-15.09.36:681][  0]LogTargetPlatformManager: Display: Loaded TargetPlatform 'AllDesktop'
[2024.04.10-15.09.36:703][  0]LogTargetPlatformManager: Display: Loaded TargetPlatform 'Android'
[2024.04.10-15.09.36:703][  0]LogTargetPlatformManager: Display: Loaded TargetPlatform 'Android_ASTC'
[2024.04.10-15.09.36:703][  0]LogTargetPlatformManager: Display: Loaded TargetPlatform 'Android_DXT'
[2024.04.10-15.09.36:703][  0]LogTargetPlatformManager: Display: Loaded TargetPlatform 'Android_ETC2'
[2024.04.10-15.09.36:703][  0]LogTargetPlatformManager: Display: Loaded TargetPlatform 'AndroidClient'
[2024.04.10-15.09.36:703][  0]LogTargetPlatformManager: Display: Loaded TargetPlatform 'Android_ASTCClient'
[2024.04.10-15.09.36:703][  0]LogTargetPlatformManager: Display: Loaded TargetPlatform 'Android_DXTClient'
[2024.04.10-15.09.36:703][  0]LogTargetPlatformManager: Display: Loaded TargetPlatform 'Android_ETC2Client'
[2024.04.10-15.09.36:703][  0]LogTargetPlatformManager: Display: Loaded TargetPlatform 'Android_Multi'
[2024.04.10-15.09.36:703][  0]LogTargetPlatformManager: Display: Loaded TargetPlatform 'Android_MultiClient'
[2024.04.10-15.09.36:721][  0]LogTargetPlatformManager: Display: Loaded TargetPlatform 'IOSClient'
[2024.04.10-15.09.36:721][  0]LogTargetPlatformManager: Display: Loaded TargetPlatform 'IOS'
[2024.04.10-15.09.36:731][  0]LogTargetPlatformManager: Display: Loaded TargetPlatform 'Linux'
[2024.04.10-15.09.36:735][  0]LogTargetPlatformManager: Display: Loaded TargetPlatform 'LinuxNoEditor'
[2024.04.10-15.09.36:739][  0]LogTargetPlatformManager: Display: Loaded TargetPlatform 'LinuxClient'
[2024.04.10-15.09.36:744][  0]LogTargetPlatformManager: Display: Loaded TargetPlatform 'LinuxServer'
[2024.04.10-15.09.36:753][  0]LogTargetPlatformManager: Display: Loaded TargetPlatform 'LinuxAArch64NoEditor'
[2024.04.10-15.09.36:757][  0]LogTargetPlatformManager: Display: Loaded TargetPlatform 'LinuxAArch64Client'
[2024.04.10-15.09.36:762][  0]LogTargetPlatformManager: Display: Loaded TargetPlatform 'LinuxAArch64Server'
[2024.04.10-15.09.36:786][  0]LogTargetPlatformManager: Display: Loaded TargetPlatform 'Lumin'
[2024.04.10-15.09.36:786][  0]LogTargetPlatformManager: Display: Loaded TargetPlatform 'LuminClient'
[2024.04.10-15.09.36:795][  0]LogTargetPlatformManager: Display: Loaded TargetPlatform 'MacNoEditor'
[2024.04.10-15.09.36:799][  0]LogTargetPlatformManager: Display: Loaded TargetPlatform 'Mac'
[2024.04.10-15.09.36:803][  0]LogTargetPlatformManager: Display: Loaded TargetPlatform 'MacClient'
[2024.04.10-15.09.36:807][  0]LogTargetPlatformManager: Display: Loaded TargetPlatform 'MacServer'
[2024.04.10-15.09.36:818][  0]LogTargetPlatformManager: Display: Loaded TargetPlatform 'TVOSClient'
[2024.04.10-15.09.36:818][  0]LogTargetPlatformManager: Display: Loaded TargetPlatform 'TVOS'
[2024.04.10-15.09.36:828][  0]LogTargetPlatformManager: Display: Loaded TargetPlatform 'WindowsNoEditor'
[2024.04.10-15.09.36:832][  0]LogTargetPlatformManager: Display: Loaded TargetPlatform 'Windows'
[2024.04.10-15.09.36:837][  0]LogTargetPlatformManager: Display: Loaded TargetPlatform 'WindowsClient'
[2024.04.10-15.09.36:841][  0]LogTargetPlatformManager: Display: Loaded TargetPlatform 'WindowsServer'
[2024.04.10-15.09.36:841][  0]LogTargetPlatformManager: Display: Building Assets For Windows
[2024.04.10-15.09.36:848][  0]LogAudioDebug: Display: Lib vorbis DLL was dynamically loaded.
[2024.04.10-15.09.36:879][  0]LogTextureFormatOodle: Display: Oodle Texture 2.9.0 init RDO Off
[2024.04.10-15.09.36:909][  0]LogRendererCore: Ray tracing is disabled. Reason: r.RayTracing=0.
[2024.04.10-15.09.36:909][  0]LogShaderCompilers: Guid format shader working directory is 1 characters bigger than the processId version (../../../../repo/topdownshoterkg/MyProject4/Intermediate/Shaders/WorkingDirectory/11240/).
[2024.04.10-15.09.36:909][  0]LogShaderCompilers: Cleaned the shader compiler working directory 'C:/Users/user/AppData/Local/Temp/UnrealShaderWorkingDir/8306813B44563372EC6EC7987F1AB012/'.
[2024.04.10-15.09.36:909][  0]LogXGEController: Cannot use XGE Controller as Incredibuild is not installed on this machine.
[2024.04.10-15.09.36:909][  0]LogShaderCompilers: Cannot use XGE Shader Compiler as Incredibuild is not installed on this machine.
[2024.04.10-15.09.36:909][  0]LogShaderCompilers: Display: Using Local Shader Compiler.
[2024.04.10-15.09.37:626][  0]LogDerivedDataCache: Display: Max Cache Size: 512 MB
[2024.04.10-15.09.37:689][  0]LogDerivedDataCache: Loaded boot cache 0.06s 96MB C:/Users/user/AppData/Local/UnrealEngine/4.27/DerivedDataCache/Boot.ddc.
[2024.04.10-15.09.37:689][  0]LogDerivedDataCache: Display: Loaded Boot cache: C:/Users/user/AppData/Local/UnrealEngine/4.27/DerivedDataCache/Boot.ddc
[2024.04.10-15.09.37:690][  0]LogDerivedDataCache: FDerivedDataBackendGraph:  Pak pak cache file ../../../../repo/topdownshoterkg/MyProject4/DerivedDataCache/DDC.ddp not found, will not use a pak cache.
[2024.04.10-15.09.37:690][  0]LogDerivedDataCache: Unable to find inner node Pak for hierarchical cache Hierarchy.
[2024.04.10-15.09.37:690][  0]LogDerivedDataCache: FDerivedDataBackendGraph:  CompressedPak pak cache file ../../../../repo/topdownshoterkg/MyProject4/DerivedDataCache/Compressed.ddp not found, will not use a pak cache.
[2024.04.10-15.09.37:690][  0]LogDerivedDataCache: Unable to find inner node CompressedPak for hierarchical cache Hierarchy.
[2024.04.10-15.09.37:706][  0]LogDerivedDataCache: Display: Pak cache opened for reading ../../../Engine/DerivedDataCache/Compressed.ddp.
[2024.04.10-15.09.37:707][  0]LogDerivedDataCache: FDerivedDataBackendGraph:  EnterprisePak pak cache file ../../../Enterprise/DerivedDataCache/Compressed.ddp not found, will not use a pak cache.
[2024.04.10-15.09.37:707][  0]LogDerivedDataCache: Unable to find inner node EnterprisePak for hierarchical cache Hierarchy.
[2024.04.10-15.09.37:713][  0]LogDerivedDataCache: Speed tests for C:/Users/user/AppData/Local/UnrealEngine/Common/DerivedDataCache took 0.01 seconds
[2024.04.10-15.09.37:713][  0]LogDerivedDataCache: Display: Performance to C:/Users/user/AppData/Local/UnrealEngine/Common/DerivedDataCache: Latency=0.04ms. RandomReadSpeed=1165.75MBs, RandomWriteSpeed=199.53MBs. Assigned SpeedClass 'Local'
[2024.04.10-15.09.37:713][  0]LogDerivedDataCache: Using Local data cache path C:/Users/user/AppData/Local/UnrealEngine/Common/DerivedDataCache: Writable
[2024.04.10-15.09.37:713][  0]LogDerivedDataCache: Shared data cache path not found in *engine.ini, will not use an Shared cache.
[2024.04.10-15.09.37:713][  0]LogDerivedDataCache: Unable to find inner node Shared for hierarchical cache Hierarchy.
[2024.04.10-15.09.37:759][  0]LogSlate: Using FreeType 2.10.0
[2024.04.10-15.09.37:759][  0]LogSlate: SlateFontServices - WITH_FREETYPE: 1, WITH_HARFBUZZ: 1
[2024.04.10-15.09.37:791][  0]LogAssetRegistry: FAssetRegistry took 0.0032 seconds to start up
[2024.04.10-15.09.38:033][  0]LogInit: Selected Device Profile: [Windows]
[2024.04.10-15.09.38:033][  0]LogInit: Active device profile: [0000020E853EEB00][0000020E85036580 49] Windows
[2024.04.10-15.09.38:033][  0]LogInit: Profiles: [0000020E853EEB00][0000020E85036580 49] Windows, [0000020E853A5700][0000020E8503E700 49] WindowsNoEditor, [0000020E853ED700][0000020E85042880 49] WindowsServer, [0000020E853A6200][0000020E8503A9C0 49] WindowsClient, [0000020E853ED000][0000020E85046B00 49] IOS, [0000020E853A7B00][0000020E8504AC40 49] iPadAir, [0000020E853EFE00][0000020E8504ED80 49] iPadAir2, [0000020E85346A00][0000020E8505B040 49] IPadPro, [0000020E85346B00][0000020E85057080 49] iPadAir3, [0000020E853ED800][0000020E8505F200 49] iPadAir4, [0000020E85347500][0000020E85063380 49] iPadMini2, [0000020E853EF700][0000020E85067500 49] iPadMini3, [0000020E85345C00][0000020E8506B680 49] iPadMini4, [0000020E853EDA00][0000020E8506F800 49] iPadMini5, [0000020E853A2300][0000020E85077AC0 49] iPhone6, [0000020E853A2400][0000020E85073B00 49] iPodTouch6, [0000020E85345E00][0000020E8507E240 49] iPhone7, [0000020E85345F00][0000020E8507A280 49] iPodTouch7, [0000020E853A2D00][0000020E85082400 49] iPhone5S, [0000020E85344A00][0000020E85086580 49] iPhone6Plus, [0000020E853A1000][0000020E8508A700 49] iPhone6S, [0000020E85347900][0000020E8508E880 49] iPhone6SPlus, [0000020E853A1200][0000020E85092A00 49] iPhone7Plus, [0000020E85346F00][0000020E85052B40 49] iPhoneSE, [0000020E853A3E00][0000020E85096C80 49] iPhone8, [0000020E85346300][0000020E8509ADC0 49] iPhone8Plus, [0000020E853A0300][0000020E8509EF00 49] iPhoneX, [0000020E85347D00][0000020E850A7080 49] iPhoneXS, [0000020E853A1700][0000020E850AB200 49] iPhoneXSMax, [0000020E85345300][0000020E850AF380 49] iPhoneXR, [0000020E853A1300][0000020E850B3500 49] iPhone11, [0000020E85345400][0000020E850B7680 49] iPhone11Pro, [0000020E853A2900][0000020E850BB800 49] iPhone11ProMax, [0000020E85345000][0000020E850BF980 49] iPhoneSE2, [0000020E853A3900][0000020E850C3B00 49] iPhone12Mini, [0000020E85345D00][0000020E850C6100 49] iPhone12, [0000020E853A0700][0000020E850CA280 49] iPhone12Pro, [0000020E85347600][0000020E850CE400 49] iPhone12ProMax, [0000020E853A3300][0000020E850D2580 49] iPadPro105, [0000020E85344E00][0000020E850D6700 49] iPadPro129, [0000020E853A2200][0000020E850DA880 49] iPadPro97, [0000020E85347E00][0000020EF5AC6A00 49] iPadPro2_129, [0000020E853A3A00][0000020EF5ACAB80 49] iPad5, [0000020E85346400][0000020EF5ACED00 49] iPad6, [0000020E853A0900][0000020E850A2E40 49] iPad7, [0000020E85346800][0000020EF5AD2F80 49] iPad8, [0000020E853A2600][0000020EF5AD70C0 49] iPadPro11, [0000020E85344100][0000020EF5ADF240 49] iPadPro2_11, [0000020E853A2700][0000020EF5AE33C0 49] iPadPro3_129, [0000020E8543D900][0000020EF5AE7540 49] iPadPro4_129, [0000020E853A7700][0000020EF5AEB6C0 49] AppleTV, [0000020E8543CC00][0000020EF5AEF840 49] AppleTV4K, [0000020E853A6600][0000020EEAC359C0 49] TVOS, [0000020E8543D300][0000020EEAC39B40 49] Mac, [0000020E853A6900][0000020EEAC3C140 49] MacClient, [0000020E8543DA00][0000020EEAC402C0 49] MacNoEditor, [0000020E853A4200][0000020EEAC44440 49] MacServer, [0000020E8543D800][0000020EEAC485C0 49] Linux, [0000020E853A4900][0000020EEAC4C740 49] LinuxAArch64, [0000020E8543D400][0000020EEAC508C0 49] LinuxNoEditor, [0000020E853A7900][0000020EEAC54A40 49] LinuxAArch64NoEditor, [0000020E8543C600][0000020EEAC58BC0 49] LinuxClient, [0000020E853A6500][0000020EEAC5CD40 49] LinuxAArch64Client, [0000020E8543DE00][0000020EEAC60EC0 49] LinuxServer, [0000020E853A4100][0000020EF5ADB000 49] LinuxAArch64Server, [0000020E853A1400][0000020E860F1140 49] Android, [0000020E85345800][0000020E860F5280 49] Android_Low, [0000020E853A1F00][0000020E860F93C0 49] Android_Mid, [0000020E85345B00][0000020E86101540 49] Android_High, [0000020E853A0E00][0000020E861056C0 49] Android_Default, [0000020E85347200][0000020E86109840 49] Android_Adreno4xx, [0000020E853A0C00][0000020E8610D9C0 49] Android_Adreno5xx_Low, [0000020E85344700][0000020E86111B40 49] Android_Adreno5xx, [0000020E853A2C00][0000020E86114140 49] Android_Adreno6xx, [0000020E85347400][0000020E861182C0 49] Android_Adreno6xx_Vulkan, [0000020E853A0600][0000020E8611C440 49] Android_Mali_T6xx, [0000020E85344400][0000020E861205C0 49] Android_Mali_T7xx, [0000020E853A3000][0000020E86124740 49] Android_Mali_T8xx, [0000020E85344500][0000020E861288C0 49] Android_Mali_G71, [0000020E853A0B00][0000020E8612CA40 49] Android_Mali_G72, [0000020E85346700][0000020E86130BC0 49] Android_Mali_G72_Vulkan, [0000020E853A1A00][0000020E86134D40 49] Android_Mali_G76, [0000020E85346000][0000020E86138EC0 49] Android_Mali_G76_Vulkan, [0000020E853A2800][0000020E8613D040 49] Android_Mali_G77, [0000020E8543CE00][0000020E860FD180 49] Android_Mali_G77_Vulkan, [0000020E853A0D00][0000020E861412C0 49] Android_Mali_G78, [0000020E8543C500][0000020E86145400 49] Android_Mali_G78_Vulkan, [0000020E853A2F00][0000020E86149540 49] Android_Mali_G710, [0000020E8543DD00][0000020E861516C0 49] Android_Mali_G710_Vulkan, [0000020E853A0100][0000020E86155840 49] Android_Vulkan_SM5, [0000020E85347F00][0000020E861599C0 49] Android_PowerVR_G6xxx, [0000020E853A1100][0000020E8615DB40 49] Android_PowerVR_GT7xxx, [0000020E85347100][0000020E86160140 49] Android_PowerVR_GE8xxx, [0000020E853A1B00][0000020E861642C0 49] Android_PowerVR_GM9xxx, [0000020E85344D00][0000020E86168440 49] Android_PowerVR_GM9xxx_Vulkan, [0000020E853A3100][0000020E8616C5C0 49] Android_TegraK1, [0000020E85345100][0000020E86170740 49] Android_Unknown_Vulkan, [0000020E853A3D00][0000020E861748C0 49] Lumin, [0000020E85347A00][0000020E86178A40 49] Lumin_Desktop, [0000020E853A3800][0000020E8617CBC0 49] HoloLens, 
[2024.04.10-15.09.38:155][  0]LogMeshReduction: Using QuadricMeshReduction for automatic static mesh reduction
[2024.04.10-15.09.38:155][  0]LogMeshReduction: Using SimplygonMeshReduction for automatic skeletal mesh reduction
[2024.04.10-15.09.38:155][  0]LogMeshReduction: Using ProxyLODMeshReduction for automatic mesh merging
[2024.04.10-15.09.38:155][  0]LogMeshReduction: No distributed automatic mesh merging module available
[2024.04.10-15.09.38:155][  0]LogMeshMerging: No distributed automatic mesh merging module available
[2024.04.10-15.09.38:170][  0]LogNetVersion: MyProject4 1.0.0, NetCL: 17155196, EngineNetVer: 17, GameNetVer: 0 (Checksum: 4146347907)
[2024.04.10-15.09.38:530][  0]LogTexture: Default maximum texture size for cubemaps generated from long-lat sources has been changed from 512 to unlimited. In order to preserve old behaiour for '/Engine/MapTemplates/Sky/DaylightAmbientCubemap.DaylightAmbientCubemap', its maximum texture size has been explicitly set to 512.
[2024.04.10-15.09.38:589][  0]LogHMD: PokeAHoleMaterial loaded successfully
[2024.04.10-15.09.38:595][  0]LogUObjectArray: 17178 objects as part of root set at end of initial load.
[2024.04.10-15.09.38:595][  0]LogUObjectAllocator: 4302048 out of 0 bytes used by permanent object pool.
[2024.04.10-15.09.38:595][  0]LogUObjectArray: CloseDisregardForGC: 0/0 objects in disregard for GC pool
[2024.04.10-15.09.38:857][  0]LogNiagaraDebuggerClient: Niagara Debugger Client Initialized | Session: 180111D74F9F77846F33B6956AA21B1D | Instance: F0E747B54476F7B3DBE425AB28DFA292 (DESKTOP-7CL8AJ2-11240).
[2024.04.10-15.09.38:893][  0]LogPython: Using Python 3.7.7
[2024.04.10-15.09.39:391][  0]LogTcpMessaging: Initializing TcpMessaging bridge
[2024.04.10-15.09.39:395][  0]LogUdpMessaging: Initializing bridge on interface 0.0.0.0:0 to multicast group 230.0.0.1:6666.
[2024.04.10-15.09.39:631][  0]SourceControl: Source control is disabled
[2024.04.10-15.09.39:631][  0]SourceControl: Source control is disabled
[2024.04.10-15.09.39:634][  0]SourceControl: Source control is disabled
[2024.04.10-15.09.39:637][  0]SourceControl: Source control is disabled
[2024.04.10-15.09.39:645][  0]SourceControl: Source control is disabled
[2024.04.10-15.09.39:651][  0]LogUProjectInfo: Found projects:
[2024.04.10-15.09.39:868][  0]LogOpenImageDenoise: OIDN starting up
[2024.04.10-15.09.39:893][  0]LogAndroidPermission: UAndroidPermissionCallbackProxy::GetInstance
[2024.04.10-15.09.39:923][  0]LogAudioCaptureCore: Display: No Audio Capture implementations found. Audio input will be silent.
[2024.04.10-15.09.39:923][  0]LogAudioCaptureCore: Display: No Audio Capture implementations found. Audio input will be silent.
[2024.04.10-15.09.40:027][  0]LogCollectionManager: Loaded 0 collections in 0.001601 seconds
[2024.04.10-15.09.40:052][  0]LogFileCache: Scanning file cache for directory 'C:/repo/topdownshoterkg/MyProject4/Saved/Collections/' took 0.00s
[2024.04.10-15.09.40:052][  0]LogFileCache: Scanning file cache for directory 'C:/repo/topdownshoterkg/MyProject4/Content/Developers/user/Collections/' took 0.00s
[2024.04.10-15.09.40:052][  0]LogFileCache: Scanning file cache for directory 'C:/repo/topdownshoterkg/MyProject4/Content/Collections/' took 0.00s
[2024.04.10-15.09.40:052][  0]LogOcInput: OculusInput pre-init called
[2024.04.10-15.09.40:262][  0]LogEngine: Initializing Engine...
[2024.04.10-15.09.40:327][  0]LogHMD: Failed to initialize OpenVR with code 215
[2024.04.10-15.09.40:347][  0]LogHMD: Optional extension XR_VARJO_quad_views is not available
[2024.04.10-15.09.40:347][  0]LogHMD: Warning: Required extension XR_EXT_eye_gaze_interaction is not available
[2024.04.10-15.09.40:347][  0]LogHMD: Could not enable all required OpenXR extensions for OpenXREyeTracker on current system. This plugin will be loaded but ignored, but will be enabled on a target platform that supports the required extension.
[2024.04.10-15.09.40:378][  0]LogHMD: Failed to create an OpenXR instance, result is XR_ERROR_RUNTIME_FAILURE. Please check if you have an OpenXR runtime installed. The following extensions were enabled:
[2024.04.10-15.09.40:378][  0]LogHMD: - XR_KHR_D3D11_enable
[2024.04.10-15.09.40:378][  0]LogHMD: - XR_KHR_D3D12_enable
[2024.04.10-15.09.40:378][  0]LogHMD: - XR_KHR_opengl_enable
[2024.04.10-15.09.40:378][  0]LogHMD: - XR_KHR_vulkan_enable
[2024.04.10-15.09.40:378][  0]LogHMD: - XR_KHR_composition_layer_depth
[2024.04.10-15.09.40:378][  0]LogHMD: - XR_KHR_visibility_mask
[2024.04.10-15.09.40:378][  0]LogHMD: - XR_EXT_hand_tracking
[2024.04.10-15.09.40:378][  0]LogMagicLeap: Warning: VR disabled because ZI is not enabled.  To enable, in the editor, Edit -> Project Settings -> Plugins -> Magic Leap Plugin -> Enable Zero Iteration
[2024.04.10-15.09.40:379][  0]LogStats: UGameplayTagsManager::InitializeManager -  0.000 s
[2024.04.10-15.09.40:531][  0]LogInit: Initializing FReadOnlyCVARCache
[2024.04.10-15.09.40:539][  0]LogAIModule: Creating AISystem for world Untitled
[2024.04.10-15.09.40:540][  0]LogAudio: Display: Initializing Audio Device Manager...
[2024.04.10-15.09.40:542][  0]LogAudio: Display: Loading Default Audio Settings Objects...
[2024.04.10-15.09.40:543][  0]LogAudio: Display: No default SoundConcurrencyObject specified (or failed to load).
[2024.04.10-15.09.40:543][  0]LogAudio: Display: Audio Device Manager Initialized
[2024.04.10-15.09.40:543][  0]LogAudio: Display: Creating Audio Device:                 Id: 1, Scope: Shared, Realtime: True
[2024.04.10-15.09.40:543][  0]LogAudioMixer: Display: Audio Mixer Platform Settings:
[2024.04.10-15.09.40:543][  0]LogAudioMixer: Display: 	Sample Rate:						  48000
[2024.04.10-15.09.40:544][  0]LogAudioMixer: Display: 	Callback Buffer Frame Size Requested: 1024
[2024.04.10-15.09.40:544][  0]LogAudioMixer: Display: 	Callback Buffer Frame Size To Use:	  1024
[2024.04.10-15.09.40:544][  0]LogAudioMixer: Display: 	Number of buffers to queue:			  2
[2024.04.10-15.09.40:544][  0]LogAudioMixer: Display: 	Max Channels (voices):				  32
[2024.04.10-15.09.40:544][  0]LogAudioMixer: Display: 	Number of Async Source Workers:		  0
[2024.04.10-15.09.40:544][  0]LogAudio: Display: AudioDevice MaxSources: 32
[2024.04.10-15.09.40:544][  0]LogAudio: Display: Audio Spatialization Plugin: None (built-in).
[2024.04.10-15.09.40:544][  0]LogAudio: Display: Audio Reverb Plugin: None (built-in).
[2024.04.10-15.09.40:544][  0]LogAudio: Display: Audio Occlusion Plugin: None (built-in).
[2024.04.10-15.09.40:544][  0]LogAudioMixer: Display: Initializing audio mixer.
[2024.04.10-15.09.40:558][  0]LogAudioMixer: Display: 0: FrontLeft
[2024.04.10-15.09.40:558][  0]LogAudioMixer: Display: 1: FrontRight
[2024.04.10-15.09.40:592][  0]LogAudioMixer: Display: Using Audio Device VG248 (NVIDIA High Definition Audio)
[2024.04.10-15.09.40:592][  0]LogAudioMixer: Display: Initializing Sound Submixes...
[2024.04.10-15.09.40:594][  0]LogAudioMixer: Display: Creating Master Submix 'MasterSubmixDefault'
[2024.04.10-15.09.40:594][  0]LogAudioMixer: Display: Creating Master Submix 'MasterReverbSubmixDefault'
[2024.04.10-15.09.40:595][  0]LogAudioMixer: Display: Creating Master Submix 'MasterEQSubmixDefault'
[2024.04.10-15.09.40:595][  0]LogAudioMixer: FMixerPlatformXAudio2::StartAudioStream() called
[2024.04.10-15.09.40:595][  0]LogAudioMixer: Display: Output buffers initialized: Frames=1024, Channels=2, Samples=2048
[2024.04.10-15.09.40:596][  0]LogAudioMixer: Display: Starting AudioMixerPlatformInterface::RunInternal()
[2024.04.10-15.09.40:596][  0]LogAudioMixer: Display: FMixerPlatformXAudio2::SubmitBuffer() called for the first time
[2024.04.10-15.09.40:596][  0]LogInit: FAudioDevice initialized.
[2024.04.10-15.09.40:596][  0]LogAudio: Display: Audio Device (ID: 1) registered with world 'Untitled'.
[2024.04.10-15.09.40:596][  0]LogNetVersion: Set ProjectVersion to 1.0.0.0. Version Checksum will be recalculated on next use.
[2024.04.10-15.09.40:676][  0]LogDerivedDataCache: Saved boot cache 0.08s 94MB C:/Users/user/AppData/Local/UnrealEngine/4.27/DerivedDataCache/Boot.ddc.
[2024.04.10-15.09.40:677][  0]LogInit: Texture streaming: Enabled
[2024.04.10-15.09.40:687][  0]LogAnalytics: Display: [UEEditor.Rocket.Release] APIServer = https://datarouter.ol.epicgames.com/. AppVersion = 4.27.2-18319896+++UE4+Release-4.27
[2024.04.10-15.09.40:691][  0]LogEngineSessionManager: EngineSessionManager initialized
[2024.04.10-15.09.40:691][  0]LogEditorSessionSummary: Verbose: Initializing EditorSessionSummaryWriter for editor session tracking
[2024.04.10-15.09.40:692][  0]LogEditorSessionSummary: EditorSessionSummaryWriter initialized
[2024.04.10-15.09.40:714][  0]LogInit: Transaction tracking system initialized
[2024.04.10-15.09.40:732][  0]BlueprintLog: New page: Editor Load
[2024.04.10-15.09.40:785][  0]LocalizationService: Localization service is disabled
[2024.04.10-15.09.40:805][  0]TimingProfiler: Initialize
[2024.04.10-15.09.40:805][  0]TimingProfiler: OnSessionChanged
[2024.04.10-15.09.40:805][  0]LoadingProfiler: Initialize
[2024.04.10-15.09.40:805][  0]LoadingProfiler: OnSessionChanged
[2024.04.10-15.09.40:805][  0]NetworkingProfiler: Initialize
[2024.04.10-15.09.40:805][  0]NetworkingProfiler: OnSessionChanged
[2024.04.10-15.09.40:805][  0]MemoryProfiler: Initialize
[2024.04.10-15.09.40:805][  0]MemoryProfiler: OnSessionChanged
[2024.04.10-15.09.40:939][  0]LogCook: Display: CookSettings for Memory: MemoryMaxUsedVirtual 0MiB, MemoryMaxUsedPhysical 16384MiB, MemoryMinFreeVirtual 0MiB, MemoryMinFreePhysical 1024MiB
[2024.04.10-15.09.40:939][  0]LogCook: Display: Mobile HDR setting 1
[2024.04.10-15.09.41:108][  0]LogFileCache: Scanning file cache for directory 'C:/repo/topdownshoterkg/MyProject4/Content/' took 0.01s
[2024.04.10-15.09.41:263][  0]LogInit: Display: Engine is initialized. Leaving FEngineLoop::Init()
[2024.04.10-15.09.41:266][  0]SourceControl: Source control is disabled
[2024.04.10-15.09.41:267][  0]LogUnrealEdMisc: Loading editor; pre map load, took 7.287
[2024.04.10-15.09.41:267][  0]Cmd: MAP LOAD FILE="../../../Engine/Content/Maps/Templates/Template_Default.umap" TEMPLATE=1 SHOWPROGRESS=1 FEATURELEVEL=3
[2024.04.10-15.09.41:267][  0]LightingResults: New page: Lighting Build
[2024.04.10-15.09.41:268][  0]LogWorld: UWorld::CleanupWorld for Untitled, bSessionEnded=true, bCleanupResources=true
[2024.04.10-15.09.41:268][  0]LogSlate: InvalidateAllWidgets triggered.  All widgets were invalidated
[2024.04.10-15.09.41:269][  0]MapCheck: New page: Map Check
[2024.04.10-15.09.41:269][  0]LightingResults: New page: Lighting Build
[2024.04.10-15.09.41:272][  0]LogAudio: Display: Audio Device unregistered from world 'None'.
[2024.04.10-15.09.41:275][  0]LogUObjectHash: Compacting FUObjectHashTables data took   0.73ms
[2024.04.10-15.09.41:324][  0]LogTexture: Display: Building textures: DeprecatedTextureEB9CBE3C423008B5E8E130901E171C89 (BGRA8, 128X128)
[2024.04.10-15.09.41:328][  0]LogAudio: Display: Audio Device (ID: 1) registered with world 'Untitled_1'.
[2024.04.10-15.09.41:329][  0]LogAIModule: Creating AISystem for world Untitled_1
[2024.04.10-15.09.41:333][  0]LogEditorServer: Finished looking for orphan Actors (0.000 secs)
[2024.04.10-15.09.41:339][  0]LogUObjectHash: Compacting FUObjectHashTables data took   0.77ms
[2024.04.10-15.09.41:339][  0]Cmd: MAP CHECKDEP NOCLEARLOG
[2024.04.10-15.09.41:340][  0]MapCheck: Map check complete: 0 Error(s), 0 Warning(s), took 0,199ms to complete.
[2024.04.10-15.09.41:340][  0]LogFileHelpers: Loading map 'Template_Default' took 0.073
[2024.04.10-15.09.41:340][  0]LogUnrealEdMisc: Total Editor Startup Time, took 7.361
[2024.04.10-15.09.41:476][  0]LogSlate: Updating window title bar state: overlay mode, drag disabled, window buttons hidden, title bar hidden
[2024.04.10-15.09.41:482][  0]LogSlate: Updating window title bar state: overlay mode, drag disabled, window buttons hidden, title bar hidden
[2024.04.10-15.09.41:488][  0]LogSlate: Updating window title bar state: overlay mode, drag disabled, window buttons hidden, title bar hidden
[2024.04.10-15.09.41:494][  0]LogSlate: Updating window title bar state: overlay mode, drag disabled, window buttons hidden, title bar hidden
[2024.04.10-15.09.41:507][  0]LogNativeClassHierarchy: Verbose: Native class hierarchy populated in 0.0091 seconds. Added 3822 classes and 928 folders.
[2024.04.10-15.09.41:509][  0]LogNativeClassHierarchy: Verbose: Native class hierarchy updated for 'WidgetCarousel' in 0.0003 seconds. Added 0 classes and 0 folders.
[2024.04.10-15.09.41:511][  0]LogPakFile: PakFile PrimaryIndexSize=187
[2024.04.10-15.09.41:511][  0]LogPakFile: PakFile PathHashIndexSize=101
[2024.04.10-15.09.41:511][  0]LogPakFile: PakFile FullDirectoryIndexSize=148
[2024.04.10-15.09.41:511][  0]LogShaderLibrary: Display: ShaderCodeLibraryPakFileMountedCallback: PakFile 'C:/UE_4.27/FeaturePacks/FP_FirstPerson.upack' (chunk index -1, root 'root:/') mounted
[2024.04.10-15.09.41:511][  0]LogShaderLibrary: Display: ShaderCodeLibraryPakFileMountedCallback: pending pak file info (ChunkID:-1 Root:root:/ File:C:/UE_4.27/FeaturePacks/FP_FirstPerson.upack)
[2024.04.10-15.09.41:511][  0]LogPakFile: OnPakFileMounted2Time == 0.000056
[2024.04.10-15.09.41:512][  0]LogPakFile: PakFile PrimaryIndexSize=189
[2024.04.10-15.09.41:512][  0]LogPakFile: PakFile PathHashIndexSize=101
[2024.04.10-15.09.41:512][  0]LogPakFile: PakFile FullDirectoryIndexSize=152
[2024.04.10-15.09.41:512][  0]LogShaderLibrary: Display: ShaderCodeLibraryPakFileMountedCallback: PakFile 'C:/UE_4.27/FeaturePacks/FP_FirstPersonBP.upack' (chunk index -1, root 'root:/') mounted
[2024.04.10-15.09.41:512][  0]LogShaderLibrary: Display: ShaderCodeLibraryPakFileMountedCallback: pending pak file info (ChunkID:-1 Root:root:/ File:C:/UE_4.27/FeaturePacks/FP_FirstPersonBP.upack)
[2024.04.10-15.09.41:512][  0]LogPakFile: OnPakFileMounted2Time == 0.000038
[2024.04.10-15.09.41:512][  0]LogPakFile: PakFile PrimaryIndexSize=191
[2024.04.10-15.09.41:512][  0]LogPakFile: PakFile PathHashIndexSize=101
[2024.04.10-15.09.41:512][  0]LogPakFile: PakFile FullDirectoryIndexSize=160
[2024.04.10-15.09.41:512][  0]LogShaderLibrary: Display: ShaderCodeLibraryPakFileMountedCallback: PakFile 'C:/UE_4.27/FeaturePacks/MobileStarterContent.upack' (chunk index -1, root 'root:/') mounted
[2024.04.10-15.09.41:512][  0]LogShaderLibrary: Display: ShaderCodeLibraryPakFileMountedCallback: pending pak file info (ChunkID:-1 Root:root:/ File:C:/UE_4.27/FeaturePacks/MobileStarterContent.upack)
[2024.04.10-15.09.41:512][  0]LogPakFile: OnPakFileMounted2Time == 0.000034
[2024.04.10-15.09.41:513][  0]LogPakFile: PakFile PrimaryIndexSize=185
[2024.04.10-15.09.41:513][  0]LogPakFile: PakFile PathHashIndexSize=101
[2024.04.10-15.09.41:513][  0]LogPakFile: PakFile FullDirectoryIndexSize=148
[2024.04.10-15.09.41:513][  0]LogShaderLibrary: Display: ShaderCodeLibraryPakFileMountedCallback: PakFile 'C:/UE_4.27/FeaturePacks/StarterContent.upack' (chunk index -1, root 'root:/') mounted
[2024.04.10-15.09.41:513][  0]LogShaderLibrary: Display: ShaderCodeLibraryPakFileMountedCallback: pending pak file info (ChunkID:-1 Root:root:/ File:C:/UE_4.27/FeaturePacks/StarterContent.upack)
[2024.04.10-15.09.41:513][  0]LogPakFile: OnPakFileMounted2Time == 0.000035
[2024.04.10-15.09.41:513][  0]LogPakFile: PakFile PrimaryIndexSize=190
[2024.04.10-15.09.41:513][  0]LogPakFile: PakFile PathHashIndexSize=101
[2024.04.10-15.09.41:513][  0]LogPakFile: PakFile FullDirectoryIndexSize=154
[2024.04.10-15.09.41:513][  0]LogShaderLibrary: Display: ShaderCodeLibraryPakFileMountedCallback: PakFile 'C:/UE_4.27/FeaturePacks/TP_2DSideScroller.upack' (chunk index -1, root 'root:/') mounted
[2024.04.10-15.09.41:513][  0]LogShaderLibrary: Display: ShaderCodeLibraryPakFileMountedCallback: pending pak file info (ChunkID:-1 Root:root:/ File:C:/UE_4.27/FeaturePacks/TP_2DSideScroller.upack)
[2024.04.10-15.09.41:513][  0]LogPakFile: OnPakFileMounted2Time == 0.000036
[2024.04.10-15.09.41:514][  0]LogPakFile: PakFile PrimaryIndexSize=192
[2024.04.10-15.09.41:514][  0]LogPakFile: PakFile PathHashIndexSize=101
[2024.04.10-15.09.41:514][  0]LogPakFile: PakFile FullDirectoryIndexSize=158
[2024.04.10-15.09.41:514][  0]LogShaderLibrary: Display: ShaderCodeLibraryPakFileMountedCallback: PakFile 'C:/UE_4.27/FeaturePacks/TP_2DSideScrollerBP.upack' (chunk index -1, root 'root:/') mounted
[2024.04.10-15.09.41:514][  0]LogShaderLibrary: Display: ShaderCodeLibraryPakFileMountedCallback: pending pak file info (ChunkID:-1 Root:root:/ File:C:/UE_4.27/FeaturePacks/TP_2DSideScrollerBP.upack)
[2024.04.10-15.09.41:514][  0]LogPakFile: OnPakFileMounted2Time == 0.000034
[2024.04.10-15.09.41:515][  0]LogPakFile: PakFile PrimaryIndexSize=182
[2024.04.10-15.09.41:515][  0]LogPakFile: PakFile PathHashIndexSize=101
[2024.04.10-15.09.41:515][  0]LogPakFile: PakFile FullDirectoryIndexSize=138
[2024.04.10-15.09.41:515][  0]LogShaderLibrary: Display: ShaderCodeLibraryPakFileMountedCallback: PakFile 'C:/UE_4.27/FeaturePacks/TP_Flying.upack' (chunk index -1, root 'root:/') mounted
[2024.04.10-15.09.41:515][  0]LogShaderLibrary: Display: ShaderCodeLibraryPakFileMountedCallback: pending pak file info (ChunkID:-1 Root:root:/ File:C:/UE_4.27/FeaturePacks/TP_Flying.upack)
[2024.04.10-15.09.41:515][  0]LogPakFile: OnPakFileMounted2Time == 0.000033
[2024.04.10-15.09.41:515][  0]LogPakFile: PakFile PrimaryIndexSize=184
[2024.04.10-15.09.41:515][  0]LogPakFile: PakFile PathHashIndexSize=101
[2024.04.10-15.09.41:515][  0]LogPakFile: PakFile FullDirectoryIndexSize=142
[2024.04.10-15.09.41:515][  0]LogShaderLibrary: Display: ShaderCodeLibraryPakFileMountedCallback: PakFile 'C:/UE_4.27/FeaturePacks/TP_FlyingBP.upack' (chunk index -1, root 'root:/') mounted
[2024.04.10-15.09.41:515][  0]LogShaderLibrary: Display: ShaderCodeLibraryPakFileMountedCallback: pending pak file info (ChunkID:-1 Root:root:/ File:C:/UE_4.27/FeaturePacks/TP_FlyingBP.upack)
[2024.04.10-15.09.41:515][  0]LogPakFile: OnPakFileMounted2Time == 0.000033
[2024.04.10-15.09.41:516][  0]LogPakFile: PakFile PrimaryIndexSize=188
[2024.04.10-15.09.41:516][  0]LogPakFile: PakFile PathHashIndexSize=101
[2024.04.10-15.09.41:516][  0]LogPakFile: PakFile FullDirectoryIndexSize=150
[2024.04.10-15.09.41:516][  0]LogShaderLibrary: Display: ShaderCodeLibraryPakFileMountedCallback: PakFile 'C:/UE_4.27/FeaturePacks/TP_HandheldARBP.upack' (chunk index -1, root 'root:/') mounted
[2024.04.10-15.09.41:516][  0]LogShaderLibrary: Display: ShaderCodeLibraryPakFileMountedCallback: pending pak file info (ChunkID:-1 Root:root:/ File:C:/UE_4.27/FeaturePacks/TP_HandheldARBP.upack)
[2024.04.10-15.09.41:516][  0]LogPakFile: OnPakFileMounted2Time == 0.000033
[2024.04.10-15.09.41:517][  0]LogPakFile: PakFile PrimaryIndexSize=182
[2024.04.10-15.09.41:517][  0]LogPakFile: PakFile PathHashIndexSize=101
[2024.04.10-15.09.41:517][  0]LogPakFile: PakFile FullDirectoryIndexSize=138
[2024.04.10-15.09.41:517][  0]LogShaderLibrary: Display: ShaderCodeLibraryPakFileMountedCallback: PakFile 'C:/UE_4.27/FeaturePacks/TP_Puzzle.upack' (chunk index -1, root 'root:/') mounted
[2024.04.10-15.09.41:517][  0]LogShaderLibrary: Display: ShaderCodeLibraryPakFileMountedCallback: pending pak file info (ChunkID:-1 Root:root:/ File:C:/UE_4.27/FeaturePacks/TP_Puzzle.upack)
[2024.04.10-15.09.41:517][  0]LogPakFile: OnPakFileMounted2Time == 0.000033
[2024.04.10-15.09.41:517][  0]LogPakFile: PakFile PrimaryIndexSize=184
[2024.04.10-15.09.41:517][  0]LogPakFile: PakFile PathHashIndexSize=101
[2024.04.10-15.09.41:517][  0]LogPakFile: PakFile FullDirectoryIndexSize=142
[2024.04.10-15.09.41:517][  0]LogShaderLibrary: Display: ShaderCodeLibraryPakFileMountedCallback: PakFile 'C:/UE_4.27/FeaturePacks/TP_PuzzleBP.upack' (chunk index -1, root 'root:/') mounted
[2024.04.10-15.09.41:517][  0]LogShaderLibrary: Display: ShaderCodeLibraryPakFileMountedCallback: pending pak file info (ChunkID:-1 Root:root:/ File:C:/UE_4.27/FeaturePacks/TP_PuzzleBP.upack)
[2024.04.10-15.09.41:517][  0]LogPakFile: OnPakFileMounted2Time == 0.000033
[2024.04.10-15.09.41:518][  0]LogPakFile: PakFile PrimaryIndexSize=183
[2024.04.10-15.09.41:518][  0]LogPakFile: PakFile PathHashIndexSize=101
[2024.04.10-15.09.41:518][  0]LogPakFile: PakFile FullDirectoryIndexSize=140
[2024.04.10-15.09.41:518][  0]LogShaderLibrary: Display: ShaderCodeLibraryPakFileMountedCallback: PakFile 'C:/UE_4.27/FeaturePacks/TP_Rolling.upack' (chunk index -1, root 'root:/') mounted
[2024.04.10-15.09.41:518][  0]LogShaderLibrary: Display: ShaderCodeLibraryPakFileMountedCallback: pending pak file info (ChunkID:-1 Root:root:/ File:C:/UE_4.27/FeaturePacks/TP_Rolling.upack)
[2024.04.10-15.09.41:518][  0]LogPakFile: OnPakFileMounted2Time == 0.000036
[2024.04.10-15.09.41:518][  0]LogPakFile: PakFile PrimaryIndexSize=185
[2024.04.10-15.09.41:518][  0]LogPakFile: PakFile PathHashIndexSize=101
[2024.04.10-15.09.41:518][  0]LogPakFile: PakFile FullDirectoryIndexSize=144
[2024.04.10-15.09.41:518][  0]LogShaderLibrary: Display: ShaderCodeLibraryPakFileMountedCallback: PakFile 'C:/UE_4.27/FeaturePacks/TP_RollingBP.upack' (chunk index -1, root 'root:/') mounted
[2024.04.10-15.09.41:518][  0]LogShaderLibrary: Display: ShaderCodeLibraryPakFileMountedCallback: pending pak file info (ChunkID:-1 Root:root:/ File:C:/UE_4.27/FeaturePacks/TP_RollingBP.upack)
[2024.04.10-15.09.41:518][  0]LogPakFile: OnPakFileMounted2Time == 0.000036
[2024.04.10-15.09.41:519][  0]LogPakFile: PakFile PrimaryIndexSize=188
[2024.04.10-15.09.41:519][  0]LogPakFile: PakFile PathHashIndexSize=101
[2024.04.10-15.09.41:519][  0]LogPakFile: PakFile FullDirectoryIndexSize=150
[2024.04.10-15.09.41:519][  0]LogShaderLibrary: Display: ShaderCodeLibraryPakFileMountedCallback: PakFile 'C:/UE_4.27/FeaturePacks/TP_SideScroller.upack' (chunk index -1, root 'root:/') mounted
[2024.04.10-15.09.41:519][  0]LogShaderLibrary: Display: ShaderCodeLibraryPakFileMountedCallback: pending pak file info (ChunkID:-1 Root:root:/ File:C:/UE_4.27/FeaturePacks/TP_SideScroller.upack)
[2024.04.10-15.09.41:519][  0]LogPakFile: OnPakFileMounted2Time == 0.000033
[2024.04.10-15.09.41:520][  0]LogPakFile: PakFile PrimaryIndexSize=190
[2024.04.10-15.09.41:520][  0]LogPakFile: PakFile PathHashIndexSize=101
[2024.04.10-15.09.41:520][  0]LogPakFile: PakFile FullDirectoryIndexSize=154
[2024.04.10-15.09.41:520][  0]LogShaderLibrary: Display: ShaderCodeLibraryPakFileMountedCallback: PakFile 'C:/UE_4.27/FeaturePacks/TP_SideScrollerBP.upack' (chunk index -1, root 'root:/') mounted
[2024.04.10-15.09.41:520][  0]LogShaderLibrary: Display: ShaderCodeLibraryPakFileMountedCallback: pending pak file info (ChunkID:-1 Root:root:/ File:C:/UE_4.27/FeaturePacks/TP_SideScrollerBP.upack)
[2024.04.10-15.09.41:520][  0]LogPakFile: OnPakFileMounted2Time == 0.000036
[2024.04.10-15.09.41:520][  0]LogPakFile: PakFile PrimaryIndexSize=187
[2024.04.10-15.09.41:520][  0]LogPakFile: PakFile PathHashIndexSize=101
[2024.04.10-15.09.41:520][  0]LogPakFile: PakFile FullDirectoryIndexSize=148
[2024.04.10-15.09.41:520][  0]LogShaderLibrary: Display: ShaderCodeLibraryPakFileMountedCallback: PakFile 'C:/UE_4.27/FeaturePacks/TP_ThirdPerson.upack' (chunk index -1, root 'root:/') mounted
[2024.04.10-15.09.41:520][  0]LogShaderLibrary: Display: ShaderCodeLibraryPakFileMountedCallback: pending pak file info (ChunkID:-1 Root:root:/ File:C:/UE_4.27/FeaturePacks/TP_ThirdPerson.upack)
[2024.04.10-15.09.41:520][  0]LogPakFile: OnPakFileMounted2Time == 0.000032
[2024.04.10-15.09.41:521][  0]LogPakFile: PakFile PrimaryIndexSize=189
[2024.04.10-15.09.41:521][  0]LogPakFile: PakFile PathHashIndexSize=101
[2024.04.10-15.09.41:521][  0]LogPakFile: PakFile FullDirectoryIndexSize=152
[2024.04.10-15.09.41:521][  0]LogShaderLibrary: Display: ShaderCodeLibraryPakFileMountedCallback: PakFile 'C:/UE_4.27/FeaturePacks/TP_ThirdPersonBP.upack' (chunk index -1, root 'root:/') mounted
[2024.04.10-15.09.41:521][  0]LogShaderLibrary: Display: ShaderCodeLibraryPakFileMountedCallback: pending pak file info (ChunkID:-1 Root:root:/ File:C:/UE_4.27/FeaturePacks/TP_ThirdPersonBP.upack)
[2024.04.10-15.09.41:521][  0]LogPakFile: OnPakFileMounted2Time == 0.000033
[2024.04.10-15.09.41:521][  0]LogPakFile: PakFile PrimaryIndexSize=183
[2024.04.10-15.09.41:521][  0]LogPakFile: PakFile PathHashIndexSize=101
[2024.04.10-15.09.41:521][  0]LogPakFile: PakFile FullDirectoryIndexSize=140
[2024.04.10-15.09.41:521][  0]LogShaderLibrary: Display: ShaderCodeLibraryPakFileMountedCallback: PakFile 'C:/UE_4.27/FeaturePacks/TP_TopDown.upack' (chunk index -1, root 'root:/') mounted
[2024.04.10-15.09.41:521][  0]LogShaderLibrary: Display: ShaderCodeLibraryPakFileMountedCallback: pending pak file info (ChunkID:-1 Root:root:/ File:C:/UE_4.27/FeaturePacks/TP_TopDown.upack)
[2024.04.10-15.09.41:522][  0]LogPakFile: OnPakFileMounted2Time == 0.000041
[2024.04.10-15.09.41:522][  0]LogPakFile: PakFile PrimaryIndexSize=185
[2024.04.10-15.09.41:522][  0]LogPakFile: PakFile PathHashIndexSize=101
[2024.04.10-15.09.41:522][  0]LogPakFile: PakFile FullDirectoryIndexSize=144
[2024.04.10-15.09.41:522][  0]LogShaderLibrary: Display: ShaderCodeLibraryPakFileMountedCallback: PakFile 'C:/UE_4.27/FeaturePacks/TP_TopDownBP.upack' (chunk index -1, root 'root:/') mounted
[2024.04.10-15.09.41:522][  0]LogShaderLibrary: Display: ShaderCodeLibraryPakFileMountedCallback: pending pak file info (ChunkID:-1 Root:root:/ File:C:/UE_4.27/FeaturePacks/TP_TopDownBP.upack)
[2024.04.10-15.09.41:522][  0]LogPakFile: OnPakFileMounted2Time == 0.000038
[2024.04.10-15.09.41:523][  0]LogPakFile: PakFile PrimaryIndexSize=185
[2024.04.10-15.09.41:523][  0]LogPakFile: PakFile PathHashIndexSize=101
[2024.04.10-15.09.41:523][  0]LogPakFile: PakFile FullDirectoryIndexSize=144
[2024.04.10-15.09.41:523][  0]LogShaderLibrary: Display: ShaderCodeLibraryPakFileMountedCallback: PakFile 'C:/UE_4.27/FeaturePacks/TP_TwinStick.upack' (chunk index -1, root 'root:/') mounted
[2024.04.10-15.09.41:523][  0]LogShaderLibrary: Display: ShaderCodeLibraryPakFileMountedCallback: pending pak file info (ChunkID:-1 Root:root:/ File:C:/UE_4.27/FeaturePacks/TP_TwinStick.upack)
[2024.04.10-15.09.41:523][  0]LogPakFile: OnPakFileMounted2Time == 0.000039
[2024.04.10-15.09.41:523][  0]LogPakFile: PakFile PrimaryIndexSize=187
[2024.04.10-15.09.41:523][  0]LogPakFile: PakFile PathHashIndexSize=101
[2024.04.10-15.09.41:523][  0]LogPakFile: PakFile FullDirectoryIndexSize=148
[2024.04.10-15.09.41:523][  0]LogShaderLibrary: Display: ShaderCodeLibraryPakFileMountedCallback: PakFile 'C:/UE_4.27/FeaturePacks/TP_TwinStickBP.upack' (chunk index -1, root 'root:/') mounted
[2024.04.10-15.09.41:523][  0]LogShaderLibrary: Display: ShaderCodeLibraryPakFileMountedCallback: pending pak file info (ChunkID:-1 Root:root:/ File:C:/UE_4.27/FeaturePacks/TP_TwinStickBP.upack)
[2024.04.10-15.09.41:523][  0]LogPakFile: OnPakFileMounted2Time == 0.000034
[2024.04.10-15.09.41:524][  0]LogPakFile: PakFile PrimaryIndexSize=183
[2024.04.10-15.09.41:524][  0]LogPakFile: PakFile PathHashIndexSize=101
[2024.04.10-15.09.41:524][  0]LogPakFile: PakFile FullDirectoryIndexSize=140
[2024.04.10-15.09.41:524][  0]LogShaderLibrary: Display: ShaderCodeLibraryPakFileMountedCallback: PakFile 'C:/UE_4.27/FeaturePacks/TP_Vehicle.upack' (chunk index -1, root 'root:/') mounted
[2024.04.10-15.09.41:524][  0]LogShaderLibrary: Display: ShaderCodeLibraryPakFileMountedCallback: pending pak file info (ChunkID:-1 Root:root:/ File:C:/UE_4.27/FeaturePacks/TP_Vehicle.upack)
[2024.04.10-15.09.41:524][  0]LogPakFile: OnPakFileMounted2Time == 0.000033
[2024.04.10-15.09.41:524][  0]LogPakFile: PakFile PrimaryIndexSize=186
[2024.04.10-15.09.41:524][  0]LogPakFile: PakFile PathHashIndexSize=101
[2024.04.10-15.09.41:525][  0]LogPakFile: PakFile FullDirectoryIndexSize=146
[2024.04.10-15.09.41:525][  0]LogShaderLibrary: Display: ShaderCodeLibraryPakFileMountedCallback: PakFile 'C:/UE_4.27/FeaturePacks/TP_VehicleAdv.upack' (chunk index -1, root 'root:/') mounted
[2024.04.10-15.09.41:525][  0]LogShaderLibrary: Display: ShaderCodeLibraryPakFileMountedCallback: pending pak file info (ChunkID:-1 Root:root:/ File:C:/UE_4.27/FeaturePacks/TP_VehicleAdv.upack)
[2024.04.10-15.09.41:525][  0]LogPakFile: OnPakFileMounted2Time == 0.000034
[2024.04.10-15.09.41:525][  0]LogPakFile: PakFile PrimaryIndexSize=188
[2024.04.10-15.09.41:525][  0]LogPakFile: PakFile PathHashIndexSize=101
[2024.04.10-15.09.41:525][  0]LogPakFile: PakFile FullDirectoryIndexSize=150
[2024.04.10-15.09.41:525][  0]LogShaderLibrary: Display: ShaderCodeLibraryPakFileMountedCallback: PakFile 'C:/UE_4.27/FeaturePacks/TP_VehicleAdvBP.upack' (chunk index -1, root 'root:/') mounted
[2024.04.10-15.09.41:525][  0]LogShaderLibrary: Display: ShaderCodeLibraryPakFileMountedCallback: pending pak file info (ChunkID:-1 Root:root:/ File:C:/UE_4.27/FeaturePacks/TP_VehicleAdvBP.upack)
[2024.04.10-15.09.41:525][  0]LogPakFile: OnPakFileMounted2Time == 0.000033
[2024.04.10-15.09.41:526][  0]LogPakFile: PakFile PrimaryIndexSize=185
[2024.04.10-15.09.41:526][  0]LogPakFile: PakFile PathHashIndexSize=101
[2024.04.10-15.09.41:526][  0]LogPakFile: PakFile FullDirectoryIndexSize=144
[2024.04.10-15.09.41:526][  0]LogShaderLibrary: Display: ShaderCodeLibraryPakFileMountedCallback: PakFile 'C:/UE_4.27/FeaturePacks/TP_VehicleBP.upack' (chunk index -1, root 'root:/') mounted
[2024.04.10-15.09.41:526][  0]LogShaderLibrary: Display: ShaderCodeLibraryPakFileMountedCallback: pending pak file info (ChunkID:-1 Root:root:/ File:C:/UE_4.27/FeaturePacks/TP_VehicleBP.upack)
[2024.04.10-15.09.41:526][  0]LogPakFile: OnPakFileMounted2Time == 0.000039
[2024.04.10-15.09.41:526][  0]LogPakFile: PakFile PrimaryIndexSize=192
[2024.04.10-15.09.41:526][  0]LogPakFile: PakFile PathHashIndexSize=101
[2024.04.10-15.09.41:526][  0]LogPakFile: PakFile FullDirectoryIndexSize=158
[2024.04.10-15.09.41:526][  0]LogShaderLibrary: Display: ShaderCodeLibraryPakFileMountedCallback: PakFile 'C:/UE_4.27/FeaturePacks/TP_VirtualRealityBP.upack' (chunk index -1, root 'root:/') mounted
[2024.04.10-15.09.41:526][  0]LogShaderLibrary: Display: ShaderCodeLibraryPakFileMountedCallback: pending pak file info (ChunkID:-1 Root:root:/ File:C:/UE_4.27/FeaturePacks/TP_VirtualRealityBP.upack)
[2024.04.10-15.09.41:526][  0]LogPakFile: OnPakFileMounted2Time == 0.000034
[2024.04.10-15.09.41:574][  0]LogNativeClassHierarchy: Verbose: Native class hierarchy updated for 'AddContentDialog' in 0.0003 seconds. Added 0 classes and 0 folders.
[2024.04.10-15.09.41:575][  0]LogNativeClassHierarchy: Verbose: Native class hierarchy updated for 'SceneOutliner' in 0.0003 seconds. Added 2 classes and 0 folders.
[2024.04.10-15.09.41:617][  0]LogSlate: Took 0.000183 seconds to synchronously load lazily loaded font '../../../Engine/Content/Slate/Fonts/Roboto-Regular.ttf' (155K)
[2024.04.10-15.09.41:618][  0]LogSlate: Took 0.000137 seconds to synchronously load lazily loaded font '../../../Engine/Content/Editor/Slate/Fonts/FontAwesome.ttf' (139K)
[2024.04.10-15.09.41:618][  0]LogSlate: Took 0.000117 seconds to synchronously load lazily loaded font '../../../Engine/Content/Slate/Fonts/Roboto-Bold.ttf' (160K)
[2024.04.10-15.09.41:698][  0]LogRenderer: Reallocating scene render targets to support 1208x572 Format 10 NumSamples 1 (Frame:1).
[2024.04.10-15.09.41:779][  0]LogNativeClassHierarchy: Verbose: Native class hierarchy updated for 'HierarchicalLODOutliner' in 0.0003 seconds. Added 0 classes and 0 folders.
[2024.04.10-15.09.41:779][  0]LogLoad: (Engine Initialization) Total time: 7.80 seconds
[2024.04.10-15.09.41:779][  0]LogLoad: (Engine Initialization) Total Blueprint compile time: 0.00 seconds
[2024.04.10-15.09.41:966][  0]LogAssetRegistry: Asset discovery search completed in 4.1761 seconds
[2024.04.10-15.09.41:972][  0]LogCollectionManager: Fixed up redirectors for 0 collections in 0.000003 seconds (updated 0 objects)
[2024.04.10-15.09.41:972][  0]LogContentStreaming: Texture pool size now 1000 MB
[2024.04.10-15.09.42:041][  2]LogSlate: Took 0.000225 seconds to synchronously load lazily loaded font '../../../Engine/Content/Slate/Fonts/Roboto-Light.ttf' (167K)
